mode: set
github.com/palomachain/paloma/util/keeper/id_generation.go:21.63,22.18 1 1
github.com/palomachain/paloma/util/keeper/id_generation.go:25.2,28.3 1 1
github.com/palomachain/paloma/util/keeper/id_generation.go:22.18,24.3 1 1
github.com/palomachain/paloma/util/keeper/id_generation.go:33.69,36.27 3 1
github.com/palomachain/paloma/util/keeper/id_generation.go:40.2,41.38 2 1
github.com/palomachain/paloma/util/keeper/id_generation.go:36.27,38.3 1 1
github.com/palomachain/paloma/util/keeper/id_generation.go:46.75,55.2 5 1
github.com/palomachain/paloma/util/keeper/id_generation.go:57.36,61.2 3 1
github.com/palomachain/paloma/util/keeper/id_generation.go:63.55,65.2 1 1
github.com/palomachain/paloma/util/keeper/iter.go:9.91,11.48 2 1
github.com/palomachain/paloma/util/keeper/iter.go:15.2,15.16 1 1
github.com/palomachain/paloma/util/keeper/iter.go:18.2,18.17 1 1
github.com/palomachain/paloma/util/keeper/iter.go:11.48,14.3 2 1
github.com/palomachain/paloma/util/keeper/iter.go:15.16,17.3 1 1
github.com/palomachain/paloma/util/keeper/iter.go:21.105,26.42 4 1
github.com/palomachain/paloma/util/keeper/iter.go:45.2,45.12 1 1
github.com/palomachain/paloma/util/keeper/iter.go:26.42,35.53 6 1
github.com/palomachain/paloma/util/keeper/iter.go:38.3,38.16 1 1
github.com/palomachain/paloma/util/keeper/iter.go:42.3,42.25 1 1
github.com/palomachain/paloma/util/keeper/iter.go:35.53,37.4 1 1
github.com/palomachain/paloma/util/keeper/iter.go:38.16,40.4 1 0
github.com/palomachain/paloma/util/keeper/save_load.go:9.93,11.16 2 1
github.com/palomachain/paloma/util/keeper/save_load.go:14.2,15.12 2 1
github.com/palomachain/paloma/util/keeper/save_load.go:11.16,13.3 1 0
github.com/palomachain/paloma/util/keeper/save_load.go:18.98,26.21 6 1
github.com/palomachain/paloma/util/keeper/save_load.go:30.2,32.16 2 1
github.com/palomachain/paloma/util/keeper/save_load.go:36.2,36.17 1 1
github.com/palomachain/paloma/util/keeper/save_load.go:26.21,28.3 1 1
github.com/palomachain/paloma/util/keeper/save_load.go:32.16,34.3 1 0
github.com/palomachain/paloma/util/keeper/store_getter.go:13.59,15.2 1 1
github.com/palomachain/paloma/util/keeper/store_getter.go:17.51,18.53 1 1
github.com/palomachain/paloma/util/keeper/store_getter.go:18.53,20.3 1 1
github.com/palomachain/paloma/x/scheduler/types/genesis.go:12.37,18.2 1 1
github.com/palomachain/paloma/x/scheduler/types/genesis.go:22.41,23.64 1 1
github.com/palomachain/paloma/x/scheduler/types/genesis.go:28.2,28.29 1 1
github.com/palomachain/paloma/x/scheduler/types/genesis.go:23.64,25.3 1 0
github.com/palomachain/paloma/x/scheduler/types/codec.go:9.45,11.2 0 0
github.com/palomachain/paloma/x/scheduler/types/codec.go:13.62,16.2 1 0
github.com/palomachain/paloma/x/scheduler/types/genesis.pb.go:32.40,32.63 1 0
github.com/palomachain/paloma/x/scheduler/types/genesis.pb.go:33.40,33.77 1 0
github.com/palomachain/paloma/x/scheduler/types/genesis.pb.go:34.41,34.42 0 0
github.com/palomachain/paloma/x/scheduler/types/genesis.pb.go:35.51,37.2 1 0
github.com/palomachain/paloma/x/scheduler/types/genesis.pb.go:38.54,40.2 1 0
github.com/palomachain/paloma/x/scheduler/types/genesis.pb.go:41.82,42.19 1 0
github.com/palomachain/paloma/x/scheduler/types/genesis.pb.go:42.19,44.3 1 0
github.com/palomachain/paloma/x/scheduler/types/genesis.pb.go:44.8,47.17 3 0
github.com/palomachain/paloma/x/scheduler/types/genesis.pb.go:50.3,50.20 1 0
github.com/palomachain/paloma/x/scheduler/types/genesis.pb.go:47.17,49.4 1 0
github.com/palomachain/paloma/x/scheduler/types/genesis.pb.go:53.53,55.2 1 0
github.com/palomachain/paloma/x/scheduler/types/genesis.pb.go:56.39,58.2 1 0
github.com/palomachain/paloma/x/scheduler/types/genesis.pb.go:59.45,61.2 1 0
github.com/palomachain/paloma/x/scheduler/types/genesis.pb.go:65.43,66.14 1 0
github.com/palomachain/paloma/x/scheduler/types/genesis.pb.go:69.2,69.17 1 0
github.com/palomachain/paloma/x/scheduler/types/genesis.pb.go:66.14,68.3 1 0
github.com/palomachain/paloma/x/scheduler/types/genesis.pb.go:72.43,73.14 1 0
github.com/palomachain/paloma/x/scheduler/types/genesis.pb.go:76.2,76.11 1 0
github.com/palomachain/paloma/x/scheduler/types/genesis.pb.go:73.14,75.3 1 0
github.com/palomachain/paloma/x/scheduler/types/genesis.pb.go:79.13,81.2 1 1
github.com/palomachain/paloma/x/scheduler/types/genesis.pb.go:83.13,83.95 1 1
github.com/palomachain/paloma/x/scheduler/types/genesis.pb.go:103.59,107.16 4 0
github.com/palomachain/paloma/x/scheduler/types/genesis.pb.go:110.2,110.22 1 0
github.com/palomachain/paloma/x/scheduler/types/genesis.pb.go:107.16,109.3 1 0
github.com/palomachain/paloma/x/scheduler/types/genesis.pb.go:113.60,116.2 2 0
github.com/palomachain/paloma/x/scheduler/types/genesis.pb.go:118.71,123.23 5 0
github.com/palomachain/paloma/x/scheduler/types/genesis.pb.go:138.2,140.27 3 0
github.com/palomachain/paloma/x/scheduler/types/genesis.pb.go:123.23,129.3 5 0
github.com/palomachain/paloma/x/scheduler/types/genesis.pb.go:130.2,132.17 2 0
github.com/palomachain/paloma/x/scheduler/types/genesis.pb.go:135.3,136.49 2 0
github.com/palomachain/paloma/x/scheduler/types/genesis.pb.go:132.17,134.4 1 0
github.com/palomachain/paloma/x/scheduler/types/genesis.pb.go:143.65,146.16 3 0
github.com/palomachain/paloma/x/scheduler/types/genesis.pb.go:151.2,152.13 2 0
github.com/palomachain/paloma/x/scheduler/types/genesis.pb.go:146.16,150.3 3 0
github.com/palomachain/paloma/x/scheduler/types/genesis.pb.go:154.39,155.14 1 0
github.com/palomachain/paloma/x/scheduler/types/genesis.pb.go:158.2,163.11 6 0
github.com/palomachain/paloma/x/scheduler/types/genesis.pb.go:166.2,166.10 1 0
github.com/palomachain/paloma/x/scheduler/types/genesis.pb.go:155.14,157.3 1 0
github.com/palomachain/paloma/x/scheduler/types/genesis.pb.go:163.11,165.3 1 0
github.com/palomachain/paloma/x/scheduler/types/genesis.pb.go:169.35,171.2 1 0
github.com/palomachain/paloma/x/scheduler/types/genesis.pb.go:172.35,174.2 1 0
github.com/palomachain/paloma/x/scheduler/types/genesis.pb.go:175.53,178.16 3 0
github.com/palomachain/paloma/x/scheduler/types/genesis.pb.go:285.2,285.15 1 0
github.com/palomachain/paloma/x/scheduler/types/genesis.pb.go:288.2,288.12 1 0
github.com/palomachain/paloma/x/scheduler/types/genesis.pb.go:178.16,181.38 3 0
github.com/palomachain/paloma/x/scheduler/types/genesis.pb.go:195.3,197.20 3 0
github.com/palomachain/paloma/x/scheduler/types/genesis.pb.go:200.3,200.20 1 0
github.com/palomachain/paloma/x/scheduler/types/genesis.pb.go:203.3,203.19 1 0
github.com/palomachain/paloma/x/scheduler/types/genesis.pb.go:181.38,182.19 1 0
github.com/palomachain/paloma/x/scheduler/types/genesis.pb.go:185.4,185.18 1 0
github.com/palomachain/paloma/x/scheduler/types/genesis.pb.go:188.4,191.16 4 0
github.com/palomachain/paloma/x/scheduler/types/genesis.pb.go:182.19,184.5 1 0
github.com/palomachain/paloma/x/scheduler/types/genesis.pb.go:185.18,187.5 1 0
github.com/palomachain/paloma/x/scheduler/types/genesis.pb.go:191.16,192.10 1 0
github.com/palomachain/paloma/x/scheduler/types/genesis.pb.go:197.20,199.4 1 0
github.com/palomachain/paloma/x/scheduler/types/genesis.pb.go:200.20,202.4 1 0
github.com/palomachain/paloma/x/scheduler/types/genesis.pb.go:204.10,205.21 1 0
github.com/palomachain/paloma/x/scheduler/types/genesis.pb.go:208.4,209.39 2 0
github.com/palomachain/paloma/x/scheduler/types/genesis.pb.go:223.4,223.18 1 0
github.com/palomachain/paloma/x/scheduler/types/genesis.pb.go:226.4,227.21 2 0
github.com/palomachain/paloma/x/scheduler/types/genesis.pb.go:230.4,230.21 1 0
github.com/palomachain/paloma/x/scheduler/types/genesis.pb.go:233.4,233.68 1 0
github.com/palomachain/paloma/x/scheduler/types/genesis.pb.go:236.4,236.21 1 0
github.com/palomachain/paloma/x/scheduler/types/genesis.pb.go:237.10,238.21 1 0
github.com/palomachain/paloma/x/scheduler/types/genesis.pb.go:241.4,242.39 2 0
github.com/palomachain/paloma/x/scheduler/types/genesis.pb.go:256.4,257.24 2 0
github.com/palomachain/paloma/x/scheduler/types/genesis.pb.go:260.4,261.21 2 0
github.com/palomachain/paloma/x/scheduler/types/genesis.pb.go:264.4,264.21 1 0
github.com/palomachain/paloma/x/scheduler/types/genesis.pb.go:267.4,268.21 2 0
github.com/palomachain/paloma/x/scheduler/types/genesis.pb.go:269.11,272.18 3 0
github.com/palomachain/paloma/x/scheduler/types/genesis.pb.go:275.4,275.42 1 0
github.com/palomachain/paloma/x/scheduler/types/genesis.pb.go:278.4,278.28 1 0
github.com/palomachain/paloma/x/scheduler/types/genesis.pb.go:281.4,281.19 1 0
github.com/palomachain/paloma/x/scheduler/types/genesis.pb.go:205.21,207.5 1 0
github.com/palomachain/paloma/x/scheduler/types/genesis.pb.go:209.39,210.20 1 0
github.com/palomachain/paloma/x/scheduler/types/genesis.pb.go:213.5,213.19 1 0
github.com/palomachain/paloma/x/scheduler/types/genesis.pb.go:216.5,219.17 4 0
github.com/palomachain/paloma/x/scheduler/types/genesis.pb.go:210.20,212.6 1 0
github.com/palomachain/paloma/x/scheduler/types/genesis.pb.go:213.19,215.6 1 0
github.com/palomachain/paloma/x/scheduler/types/genesis.pb.go:219.17,220.11 1 0
github.com/palomachain/paloma/x/scheduler/types/genesis.pb.go:223.18,225.5 1 0
github.com/palomachain/paloma/x/scheduler/types/genesis.pb.go:227.21,229.5 1 0
github.com/palomachain/paloma/x/scheduler/types/genesis.pb.go:230.21,232.5 1 0
github.com/palomachain/paloma/x/scheduler/types/genesis.pb.go:233.68,235.5 1 0
github.com/palomachain/paloma/x/scheduler/types/genesis.pb.go:238.21,240.5 1 0
github.com/palomachain/paloma/x/scheduler/types/genesis.pb.go:242.39,243.20 1 0
github.com/palomachain/paloma/x/scheduler/types/genesis.pb.go:246.5,246.19 1 0
github.com/palomachain/paloma/x/scheduler/types/genesis.pb.go:249.5,252.17 4 0
github.com/palomachain/paloma/x/scheduler/types/genesis.pb.go:243.20,245.6 1 0
github.com/palomachain/paloma/x/scheduler/types/genesis.pb.go:246.19,248.6 1 0
github.com/palomachain/paloma/x/scheduler/types/genesis.pb.go:252.17,253.11 1 0
github.com/palomachain/paloma/x/scheduler/types/genesis.pb.go:257.24,259.5 1 0
github.com/palomachain/paloma/x/scheduler/types/genesis.pb.go:261.21,263.5 1 0
github.com/palomachain/paloma/x/scheduler/types/genesis.pb.go:264.21,266.5 1 0
github.com/palomachain/paloma/x/scheduler/types/genesis.pb.go:272.18,274.5 1 0
github.com/palomachain/paloma/x/scheduler/types/genesis.pb.go:275.42,277.5 1 0
github.com/palomachain/paloma/x/scheduler/types/genesis.pb.go:278.28,280.5 1 0
github.com/palomachain/paloma/x/scheduler/types/genesis.pb.go:285.15,287.3 1 0
github.com/palomachain/paloma/x/scheduler/types/genesis.pb.go:290.50,294.16 4 0
github.com/palomachain/paloma/x/scheduler/types/genesis.pb.go:366.2,366.31 1 0
github.com/palomachain/paloma/x/scheduler/types/genesis.pb.go:294.16,296.38 2 0
github.com/palomachain/paloma/x/scheduler/types/genesis.pb.go:310.3,311.19 2 0
github.com/palomachain/paloma/x/scheduler/types/genesis.pb.go:359.3,359.16 1 0
github.com/palomachain/paloma/x/scheduler/types/genesis.pb.go:362.3,362.17 1 0
github.com/palomachain/paloma/x/scheduler/types/genesis.pb.go:296.38,297.19 1 0
github.com/palomachain/paloma/x/scheduler/types/genesis.pb.go:300.4,300.18 1 0
github.com/palomachain/paloma/x/scheduler/types/genesis.pb.go:303.4,306.16 4 0
github.com/palomachain/paloma/x/scheduler/types/genesis.pb.go:297.19,299.5 1 0
github.com/palomachain/paloma/x/scheduler/types/genesis.pb.go:300.18,302.5 1 0
github.com/palomachain/paloma/x/scheduler/types/genesis.pb.go:306.16,307.10 1 0
github.com/palomachain/paloma/x/scheduler/types/genesis.pb.go:312.10,313.39 1 0
github.com/palomachain/paloma/x/scheduler/types/genesis.pb.go:325.10,326.14 1 0
github.com/palomachain/paloma/x/scheduler/types/genesis.pb.go:327.10,329.39 2 0
github.com/palomachain/paloma/x/scheduler/types/genesis.pb.go:343.4,343.18 1 0
github.com/palomachain/paloma/x/scheduler/types/genesis.pb.go:346.4,346.19 1 0
github.com/palomachain/paloma/x/scheduler/types/genesis.pb.go:347.10,348.11 1 0
github.com/palomachain/paloma/x/scheduler/types/genesis.pb.go:349.10,350.18 1 0
github.com/palomachain/paloma/x/scheduler/types/genesis.pb.go:353.4,353.11 1 0
github.com/palomachain/paloma/x/scheduler/types/genesis.pb.go:354.10,355.14 1 0
github.com/palomachain/paloma/x/scheduler/types/genesis.pb.go:356.11,357.64 1 0
github.com/palomachain/paloma/x/scheduler/types/genesis.pb.go:313.39,314.20 1 0
github.com/palomachain/paloma/x/scheduler/types/genesis.pb.go:317.5,317.19 1 0
github.com/palomachain/paloma/x/scheduler/types/genesis.pb.go:320.5,321.29 2 0
github.com/palomachain/paloma/x/scheduler/types/genesis.pb.go:314.20,316.6 1 0
github.com/palomachain/paloma/x/scheduler/types/genesis.pb.go:317.19,319.6 1 0
github.com/palomachain/paloma/x/scheduler/types/genesis.pb.go:321.29,322.11 1 0
github.com/palomachain/paloma/x/scheduler/types/genesis.pb.go:329.39,330.20 1 0
github.com/palomachain/paloma/x/scheduler/types/genesis.pb.go:333.5,333.19 1 0
github.com/palomachain/paloma/x/scheduler/types/genesis.pb.go:336.5,339.17 4 0
github.com/palomachain/paloma/x/scheduler/types/genesis.pb.go:330.20,332.6 1 0
github.com/palomachain/paloma/x/scheduler/types/genesis.pb.go:333.19,335.6 1 0
github.com/palomachain/paloma/x/scheduler/types/genesis.pb.go:339.17,340.11 1 0
github.com/palomachain/paloma/x/scheduler/types/genesis.pb.go:343.18,345.5 1 0
github.com/palomachain/paloma/x/scheduler/types/genesis.pb.go:350.18,352.5 1 0
github.com/palomachain/paloma/x/scheduler/types/genesis.pb.go:359.16,361.4 1 0
github.com/palomachain/paloma/x/scheduler/types/genesis.pb.go:362.17,364.4 1 0
github.com/palomachain/paloma/x/scheduler/types/packet.pb.go:31.47,31.77 1 0
github.com/palomachain/paloma/x/scheduler/types/packet.pb.go:32.47,32.84 1 0
github.com/palomachain/paloma/x/scheduler/types/packet.pb.go:33.48,33.49 0 0
github.com/palomachain/paloma/x/scheduler/types/packet.pb.go:34.58,36.2 1 0
github.com/palomachain/paloma/x/scheduler/types/packet.pb.go:37.61,39.2 1 0
github.com/palomachain/paloma/x/scheduler/types/packet.pb.go:40.89,41.19 1 0
github.com/palomachain/paloma/x/scheduler/types/packet.pb.go:41.19,43.3 1 0
github.com/palomachain/paloma/x/scheduler/types/packet.pb.go:43.8,46.17 3 0
github.com/palomachain/paloma/x/scheduler/types/packet.pb.go:49.3,49.20 1 0
github.com/palomachain/paloma/x/scheduler/types/packet.pb.go:46.17,48.4 1 0
github.com/palomachain/paloma/x/scheduler/types/packet.pb.go:52.60,54.2 1 0
github.com/palomachain/paloma/x/scheduler/types/packet.pb.go:55.46,57.2 1 0
github.com/palomachain/paloma/x/scheduler/types/packet.pb.go:58.52,60.2 1 0
github.com/palomachain/paloma/x/scheduler/types/packet.pb.go:74.68,74.69 0 0
github.com/palomachain/paloma/x/scheduler/types/packet.pb.go:76.72,77.14 1 0
github.com/palomachain/paloma/x/scheduler/types/packet.pb.go:80.2,80.12 1 0
github.com/palomachain/paloma/x/scheduler/types/packet.pb.go:77.14,79.3 1 0
github.com/palomachain/paloma/x/scheduler/types/packet.pb.go:83.51,84.62 1 0
github.com/palomachain/paloma/x/scheduler/types/packet.pb.go:87.2,87.12 1 0
github.com/palomachain/paloma/x/scheduler/types/packet.pb.go:84.62,86.3 1 0
github.com/palomachain/paloma/x/scheduler/types/packet.pb.go:91.63,95.2 1 0
github.com/palomachain/paloma/x/scheduler/types/packet.pb.go:100.34,100.51 1 0
github.com/palomachain/paloma/x/scheduler/types/packet.pb.go:101.34,101.71 1 0
github.com/palomachain/paloma/x/scheduler/types/packet.pb.go:102.35,102.36 0 0
github.com/palomachain/paloma/x/scheduler/types/packet.pb.go:103.45,105.2 1 0
github.com/palomachain/paloma/x/scheduler/types/packet.pb.go:106.48,108.2 1 0
github.com/palomachain/paloma/x/scheduler/types/packet.pb.go:109.76,110.19 1 0
github.com/palomachain/paloma/x/scheduler/types/packet.pb.go:110.19,112.3 1 0
github.com/palomachain/paloma/x/scheduler/types/packet.pb.go:112.8,115.17 3 0
github.com/palomachain/paloma/x/scheduler/types/packet.pb.go:118.3,118.20 1 0
github.com/palomachain/paloma/x/scheduler/types/packet.pb.go:115.17,117.4 1 0
github.com/palomachain/paloma/x/scheduler/types/packet.pb.go:121.47,123.2 1 0
github.com/palomachain/paloma/x/scheduler/types/packet.pb.go:124.33,126.2 1 0
github.com/palomachain/paloma/x/scheduler/types/packet.pb.go:127.39,129.2 1 0
github.com/palomachain/paloma/x/scheduler/types/packet.pb.go:133.13,136.2 2 1
github.com/palomachain/paloma/x/scheduler/types/packet.pb.go:138.13,138.94 1 1
github.com/palomachain/paloma/x/scheduler/types/packet.pb.go:156.66,160.16 4 0
github.com/palomachain/paloma/x/scheduler/types/packet.pb.go:163.2,163.22 1 0
github.com/palomachain/paloma/x/scheduler/types/packet.pb.go:160.16,162.3 1 0
github.com/palomachain/paloma/x/scheduler/types/packet.pb.go:166.67,169.2 2 0
github.com/palomachain/paloma/x/scheduler/types/packet.pb.go:171.78,176.21 5 0
github.com/palomachain/paloma/x/scheduler/types/packet.pb.go:185.2,185.27 1 0
github.com/palomachain/paloma/x/scheduler/types/packet.pb.go:176.21,177.3 1 0
github.com/palomachain/paloma/x/scheduler/types/packet.pb.go:177.3,180.58 3 0
github.com/palomachain/paloma/x/scheduler/types/packet.pb.go:180.58,182.5 1 0
github.com/palomachain/paloma/x/scheduler/types/packet.pb.go:188.74,191.2 2 0
github.com/palomachain/paloma/x/scheduler/types/packet.pb.go:193.85,195.21 2 0
github.com/palomachain/paloma/x/scheduler/types/packet.pb.go:207.2,207.27 1 0
github.com/palomachain/paloma/x/scheduler/types/packet.pb.go:195.21,196.3 1 0
github.com/palomachain/paloma/x/scheduler/types/packet.pb.go:204.3,205.16 2 0
github.com/palomachain/paloma/x/scheduler/types/packet.pb.go:196.3,198.18 2 0
github.com/palomachain/paloma/x/scheduler/types/packet.pb.go:201.4,202.49 2 0
github.com/palomachain/paloma/x/scheduler/types/packet.pb.go:198.18,200.5 1 0
github.com/palomachain/paloma/x/scheduler/types/packet.pb.go:209.53,213.16 4 0
github.com/palomachain/paloma/x/scheduler/types/packet.pb.go:216.2,216.22 1 0
github.com/palomachain/paloma/x/scheduler/types/packet.pb.go:213.16,215.3 1 0
github.com/palomachain/paloma/x/scheduler/types/packet.pb.go:219.54,222.2 2 0
github.com/palomachain/paloma/x/scheduler/types/packet.pb.go:224.65,230.2 5 0
github.com/palomachain/paloma/x/scheduler/types/packet.pb.go:232.64,235.16 3 0
github.com/palomachain/paloma/x/scheduler/types/packet.pb.go:240.2,241.13 2 0
github.com/palomachain/paloma/x/scheduler/types/packet.pb.go:235.16,239.3 3 0
github.com/palomachain/paloma/x/scheduler/types/packet.pb.go:243.46,244.14 1 0
github.com/palomachain/paloma/x/scheduler/types/packet.pb.go:247.2,249.21 3 0
github.com/palomachain/paloma/x/scheduler/types/packet.pb.go:252.2,252.10 1 0
github.com/palomachain/paloma/x/scheduler/types/packet.pb.go:244.14,246.3 1 0
github.com/palomachain/paloma/x/scheduler/types/packet.pb.go:249.21,251.3 1 0
github.com/palomachain/paloma/x/scheduler/types/packet.pb.go:255.53,256.14 1 0
github.com/palomachain/paloma/x/scheduler/types/packet.pb.go:259.2,261.21 3 0
github.com/palomachain/paloma/x/scheduler/types/packet.pb.go:265.2,265.10 1 0
github.com/palomachain/paloma/x/scheduler/types/packet.pb.go:256.14,258.3 1 0
github.com/palomachain/paloma/x/scheduler/types/packet.pb.go:261.21,264.3 2 0
github.com/palomachain/paloma/x/scheduler/types/packet.pb.go:267.33,268.14 1 0
github.com/palomachain/paloma/x/scheduler/types/packet.pb.go:271.2,273.10 3 0
github.com/palomachain/paloma/x/scheduler/types/packet.pb.go:268.14,270.3 1 0
github.com/palomachain/paloma/x/scheduler/types/packet.pb.go:276.34,278.2 1 0
github.com/palomachain/paloma/x/scheduler/types/packet.pb.go:279.34,281.2 1 0
github.com/palomachain/paloma/x/scheduler/types/packet.pb.go:282.60,285.16 3 0
github.com/palomachain/paloma/x/scheduler/types/packet.pb.go:362.2,362.15 1 0
github.com/palomachain/paloma/x/scheduler/types/packet.pb.go:365.2,365.12 1 0
github.com/palomachain/paloma/x/scheduler/types/packet.pb.go:285.16,288.38 3 0
github.com/palomachain/paloma/x/scheduler/types/packet.pb.go:302.3,304.20 3 0
github.com/palomachain/paloma/x/scheduler/types/packet.pb.go:307.3,307.20 1 0
github.com/palomachain/paloma/x/scheduler/types/packet.pb.go:310.3,310.19 1 0
github.com/palomachain/paloma/x/scheduler/types/packet.pb.go:288.38,289.19 1 0
github.com/palomachain/paloma/x/scheduler/types/packet.pb.go:292.4,292.18 1 0
github.com/palomachain/paloma/x/scheduler/types/packet.pb.go:295.4,298.16 4 0
github.com/palomachain/paloma/x/scheduler/types/packet.pb.go:289.19,291.5 1 0
github.com/palomachain/paloma/x/scheduler/types/packet.pb.go:292.18,294.5 1 0
github.com/palomachain/paloma/x/scheduler/types/packet.pb.go:298.16,299.10 1 0
github.com/palomachain/paloma/x/scheduler/types/packet.pb.go:304.20,306.4 1 0
github.com/palomachain/paloma/x/scheduler/types/packet.pb.go:307.20,309.4 1 0
github.com/palomachain/paloma/x/scheduler/types/packet.pb.go:311.10,312.21 1 0
github.com/palomachain/paloma/x/scheduler/types/packet.pb.go:315.4,316.39 2 0
github.com/palomachain/paloma/x/scheduler/types/packet.pb.go:330.4,330.18 1 0
github.com/palomachain/paloma/x/scheduler/types/packet.pb.go:333.4,334.21 2 0
github.com/palomachain/paloma/x/scheduler/types/packet.pb.go:337.4,337.21 1 0
github.com/palomachain/paloma/x/scheduler/types/packet.pb.go:340.4,341.61 2 0
github.com/palomachain/paloma/x/scheduler/types/packet.pb.go:344.4,345.21 2 0
github.com/palomachain/paloma/x/scheduler/types/packet.pb.go:346.11,349.18 3 0
github.com/palomachain/paloma/x/scheduler/types/packet.pb.go:352.4,352.42 1 0
github.com/palomachain/paloma/x/scheduler/types/packet.pb.go:355.4,355.28 1 0
github.com/palomachain/paloma/x/scheduler/types/packet.pb.go:358.4,358.19 1 0
github.com/palomachain/paloma/x/scheduler/types/packet.pb.go:312.21,314.5 1 0
github.com/palomachain/paloma/x/scheduler/types/packet.pb.go:316.39,317.20 1 0
github.com/palomachain/paloma/x/scheduler/types/packet.pb.go:320.5,320.19 1 0
github.com/palomachain/paloma/x/scheduler/types/packet.pb.go:323.5,326.17 4 0
github.com/palomachain/paloma/x/scheduler/types/packet.pb.go:317.20,319.6 1 0
github.com/palomachain/paloma/x/scheduler/types/packet.pb.go:320.19,322.6 1 0
github.com/palomachain/paloma/x/scheduler/types/packet.pb.go:326.17,327.11 1 0
github.com/palomachain/paloma/x/scheduler/types/packet.pb.go:330.18,332.5 1 0
github.com/palomachain/paloma/x/scheduler/types/packet.pb.go:334.21,336.5 1 0
github.com/palomachain/paloma/x/scheduler/types/packet.pb.go:337.21,339.5 1 0
github.com/palomachain/paloma/x/scheduler/types/packet.pb.go:341.61,343.5 1 0
github.com/palomachain/paloma/x/scheduler/types/packet.pb.go:349.18,351.5 1 0
github.com/palomachain/paloma/x/scheduler/types/packet.pb.go:352.42,354.5 1 0
github.com/palomachain/paloma/x/scheduler/types/packet.pb.go:355.28,357.5 1 0
github.com/palomachain/paloma/x/scheduler/types/packet.pb.go:362.15,364.3 1 0
github.com/palomachain/paloma/x/scheduler/types/packet.pb.go:367.47,370.16 3 0
github.com/palomachain/paloma/x/scheduler/types/packet.pb.go:412.2,412.15 1 0
github.com/palomachain/paloma/x/scheduler/types/packet.pb.go:415.2,415.12 1 0
github.com/palomachain/paloma/x/scheduler/types/packet.pb.go:370.16,373.38 3 0
github.com/palomachain/paloma/x/scheduler/types/packet.pb.go:387.3,389.20 3 0
github.com/palomachain/paloma/x/scheduler/types/packet.pb.go:392.3,392.20 1 0
github.com/palomachain/paloma/x/scheduler/types/packet.pb.go:395.3,395.19 1 0
github.com/palomachain/paloma/x/scheduler/types/packet.pb.go:373.38,374.19 1 0
github.com/palomachain/paloma/x/scheduler/types/packet.pb.go:377.4,377.18 1 0
github.com/palomachain/paloma/x/scheduler/types/packet.pb.go:380.4,383.16 4 0
github.com/palomachain/paloma/x/scheduler/types/packet.pb.go:374.19,376.5 1 0
github.com/palomachain/paloma/x/scheduler/types/packet.pb.go:377.18,379.5 1 0
github.com/palomachain/paloma/x/scheduler/types/packet.pb.go:383.16,384.10 1 0
github.com/palomachain/paloma/x/scheduler/types/packet.pb.go:389.20,391.4 1 0
github.com/palomachain/paloma/x/scheduler/types/packet.pb.go:392.20,394.4 1 0
github.com/palomachain/paloma/x/scheduler/types/packet.pb.go:396.11,399.18 3 0
github.com/palomachain/paloma/x/scheduler/types/packet.pb.go:402.4,402.42 1 0
github.com/palomachain/paloma/x/scheduler/types/packet.pb.go:405.4,405.28 1 0
github.com/palomachain/paloma/x/scheduler/types/packet.pb.go:408.4,408.19 1 0
github.com/palomachain/paloma/x/scheduler/types/packet.pb.go:399.18,401.5 1 0
github.com/palomachain/paloma/x/scheduler/types/packet.pb.go:402.42,404.5 1 0
github.com/palomachain/paloma/x/scheduler/types/packet.pb.go:405.28,407.5 1 0
github.com/palomachain/paloma/x/scheduler/types/packet.pb.go:412.15,414.3 1 0
github.com/palomachain/paloma/x/scheduler/types/packet.pb.go:417.49,421.16 4 0
github.com/palomachain/paloma/x/scheduler/types/packet.pb.go:493.2,493.31 1 0
github.com/palomachain/paloma/x/scheduler/types/packet.pb.go:421.16,423.38 2 0
github.com/palomachain/paloma/x/scheduler/types/packet.pb.go:437.3,438.19 2 0
github.com/palomachain/paloma/x/scheduler/types/packet.pb.go:486.3,486.16 1 0
github.com/palomachain/paloma/x/scheduler/types/packet.pb.go:489.3,489.17 1 0
github.com/palomachain/paloma/x/scheduler/types/packet.pb.go:423.38,424.19 1 0
github.com/palomachain/paloma/x/scheduler/types/packet.pb.go:427.4,427.18 1 0
github.com/palomachain/paloma/x/scheduler/types/packet.pb.go:430.4,433.16 4 0
github.com/palomachain/paloma/x/scheduler/types/packet.pb.go:424.19,426.5 1 0
github.com/palomachain/paloma/x/scheduler/types/packet.pb.go:427.18,429.5 1 0
github.com/palomachain/paloma/x/scheduler/types/packet.pb.go:433.16,434.10 1 0
github.com/palomachain/paloma/x/scheduler/types/packet.pb.go:439.10,440.39 1 0
github.com/palomachain/paloma/x/scheduler/types/packet.pb.go:452.10,453.14 1 0
github.com/palomachain/paloma/x/scheduler/types/packet.pb.go:454.10,456.39 2 0
github.com/palomachain/paloma/x/scheduler/types/packet.pb.go:470.4,470.18 1 0
github.com/palomachain/paloma/x/scheduler/types/packet.pb.go:473.4,473.19 1 0
github.com/palomachain/paloma/x/scheduler/types/packet.pb.go:474.10,475.11 1 0
github.com/palomachain/paloma/x/scheduler/types/packet.pb.go:476.10,477.18 1 0
github.com/palomachain/paloma/x/scheduler/types/packet.pb.go:480.4,480.11 1 0
github.com/palomachain/paloma/x/scheduler/types/packet.pb.go:481.10,482.14 1 0
github.com/palomachain/paloma/x/scheduler/types/packet.pb.go:483.11,484.64 1 0
github.com/palomachain/paloma/x/scheduler/types/packet.pb.go:440.39,441.20 1 0
github.com/palomachain/paloma/x/scheduler/types/packet.pb.go:444.5,444.19 1 0
github.com/palomachain/paloma/x/scheduler/types/packet.pb.go:447.5,448.29 2 0
github.com/palomachain/paloma/x/scheduler/types/packet.pb.go:441.20,443.6 1 0
github.com/palomachain/paloma/x/scheduler/types/packet.pb.go:444.19,446.6 1 0
github.com/palomachain/paloma/x/scheduler/types/packet.pb.go:448.29,449.11 1 0
github.com/palomachain/paloma/x/scheduler/types/packet.pb.go:456.39,457.20 1 0
github.com/palomachain/paloma/x/scheduler/types/packet.pb.go:460.5,460.19 1 0
github.com/palomachain/paloma/x/scheduler/types/packet.pb.go:463.5,466.17 4 0
github.com/palomachain/paloma/x/scheduler/types/packet.pb.go:457.20,459.6 1 0
github.com/palomachain/paloma/x/scheduler/types/packet.pb.go:460.19,462.6 1 0
github.com/palomachain/paloma/x/scheduler/types/packet.pb.go:466.17,467.11 1 0
github.com/palomachain/paloma/x/scheduler/types/packet.pb.go:470.18,472.5 1 0
github.com/palomachain/paloma/x/scheduler/types/packet.pb.go:477.18,479.5 1 0
github.com/palomachain/paloma/x/scheduler/types/packet.pb.go:486.16,488.4 1 0
github.com/palomachain/paloma/x/scheduler/types/packet.pb.go:489.17,491.4 1 0
github.com/palomachain/paloma/x/scheduler/types/params.go:11.42,13.2 1 0
github.com/palomachain/paloma/x/scheduler/types/params.go:16.25,18.2 1 1
github.com/palomachain/paloma/x/scheduler/types/params.go:21.29,23.2 1 1
github.com/palomachain/paloma/x/scheduler/types/params.go:26.59,28.2 1 0
github.com/palomachain/paloma/x/scheduler/types/params.go:31.34,33.2 1 1
github.com/palomachain/paloma/x/scheduler/types/params.go:36.33,39.2 2 0
github.com/palomachain/paloma/x/scheduler/types/query.pb.go:37.46,37.75 1 0
github.com/palomachain/paloma/x/scheduler/types/query.pb.go:38.46,38.83 1 0
github.com/palomachain/paloma/x/scheduler/types/query.pb.go:39.47,39.48 0 0
github.com/palomachain/paloma/x/scheduler/types/query.pb.go:40.57,42.2 1 0
github.com/palomachain/paloma/x/scheduler/types/query.pb.go:43.60,45.2 1 0
github.com/palomachain/paloma/x/scheduler/types/query.pb.go:46.88,47.19 1 0
github.com/palomachain/paloma/x/scheduler/types/query.pb.go:47.19,49.3 1 0
github.com/palomachain/paloma/x/scheduler/types/query.pb.go:49.8,52.17 3 0
github.com/palomachain/paloma/x/scheduler/types/query.pb.go:55.3,55.20 1 0
github.com/palomachain/paloma/x/scheduler/types/query.pb.go:52.17,54.4 1 0
github.com/palomachain/paloma/x/scheduler/types/query.pb.go:58.59,60.2 1 0
github.com/palomachain/paloma/x/scheduler/types/query.pb.go:61.45,63.2 1 0
github.com/palomachain/paloma/x/scheduler/types/query.pb.go:64.51,66.2 1 0
github.com/palomachain/paloma/x/scheduler/types/query.pb.go:76.47,76.77 1 0
github.com/palomachain/paloma/x/scheduler/types/query.pb.go:77.47,77.84 1 0
github.com/palomachain/paloma/x/scheduler/types/query.pb.go:78.48,78.49 0 0
github.com/palomachain/paloma/x/scheduler/types/query.pb.go:79.58,81.2 1 0
github.com/palomachain/paloma/x/scheduler/types/query.pb.go:82.61,84.2 1 0
github.com/palomachain/paloma/x/scheduler/types/query.pb.go:85.89,86.19 1 0
github.com/palomachain/paloma/x/scheduler/types/query.pb.go:86.19,88.3 1 0
github.com/palomachain/paloma/x/scheduler/types/query.pb.go:88.8,91.17 3 0
github.com/palomachain/paloma/x/scheduler/types/query.pb.go:94.3,94.20 1 0
github.com/palomachain/paloma/x/scheduler/types/query.pb.go:91.17,93.4 1 0
github.com/palomachain/paloma/x/scheduler/types/query.pb.go:97.60,99.2 1 0
github.com/palomachain/paloma/x/scheduler/types/query.pb.go:100.46,102.2 1 0
github.com/palomachain/paloma/x/scheduler/types/query.pb.go:103.52,105.2 1 0
github.com/palomachain/paloma/x/scheduler/types/query.pb.go:109.50,110.14 1 0
github.com/palomachain/paloma/x/scheduler/types/query.pb.go:113.2,113.17 1 0
github.com/palomachain/paloma/x/scheduler/types/query.pb.go:110.14,112.3 1 0
github.com/palomachain/paloma/x/scheduler/types/query.pb.go:116.13,119.2 2 1
github.com/palomachain/paloma/x/scheduler/types/query.pb.go:121.13,121.93 1 1
github.com/palomachain/paloma/x/scheduler/types/query.pb.go:167.54,169.2 1 0
github.com/palomachain/paloma/x/scheduler/types/query.pb.go:171.130,174.16 3 0
github.com/palomachain/paloma/x/scheduler/types/query.pb.go:177.2,177.17 1 0
github.com/palomachain/paloma/x/scheduler/types/query.pb.go:174.16,176.3 1 0
github.com/palomachain/paloma/x/scheduler/types/query.pb.go:190.117,192.2 1 0
github.com/palomachain/paloma/x/scheduler/types/query.pb.go:194.59,196.2 1 0
github.com/palomachain/paloma/x/scheduler/types/query.pb.go:198.157,200.32 2 0
github.com/palomachain/paloma/x/scheduler/types/query.pb.go:203.2,203.24 1 0
github.com/palomachain/paloma/x/scheduler/types/query.pb.go:206.2,210.77 2 0
github.com/palomachain/paloma/x/scheduler/types/query.pb.go:213.2,213.44 1 0
github.com/palomachain/paloma/x/scheduler/types/query.pb.go:200.32,202.3 1 0
github.com/palomachain/paloma/x/scheduler/types/query.pb.go:203.24,205.3 1 0
github.com/palomachain/paloma/x/scheduler/types/query.pb.go:210.77,212.3 1 0
github.com/palomachain/paloma/x/scheduler/types/query.pb.go:229.65,233.16 4 0
github.com/palomachain/paloma/x/scheduler/types/query.pb.go:236.2,236.22 1 0
github.com/palomachain/paloma/x/scheduler/types/query.pb.go:233.16,235.3 1 0
github.com/palomachain/paloma/x/scheduler/types/query.pb.go:239.66,242.2 2 0
github.com/palomachain/paloma/x/scheduler/types/query.pb.go:244.77,250.2 5 0
github.com/palomachain/paloma/x/scheduler/types/query.pb.go:252.66,256.16 4 0
github.com/palomachain/paloma/x/scheduler/types/query.pb.go:259.2,259.22 1 0
github.com/palomachain/paloma/x/scheduler/types/query.pb.go:256.16,258.3 1 0
github.com/palomachain/paloma/x/scheduler/types/query.pb.go:262.67,265.2 2 0
github.com/palomachain/paloma/x/scheduler/types/query.pb.go:267.78,272.2 5 0
github.com/palomachain/paloma/x/scheduler/types/query.pb.go:280.2,282.27 3 0
github.com/palomachain/paloma/x/scheduler/types/query.pb.go:272.2,274.17 2 0
github.com/palomachain/paloma/x/scheduler/types/query.pb.go:277.3,278.47 2 0
github.com/palomachain/paloma/x/scheduler/types/query.pb.go:274.17,276.4 1 0
github.com/palomachain/paloma/x/scheduler/types/query.pb.go:285.63,288.16 3 0
github.com/palomachain/paloma/x/scheduler/types/query.pb.go:293.2,294.13 2 0
github.com/palomachain/paloma/x/scheduler/types/query.pb.go:288.16,292.3 3 0
github.com/palomachain/paloma/x/scheduler/types/query.pb.go:296.45,297.14 1 0
github.com/palomachain/paloma/x/scheduler/types/query.pb.go:300.2,302.10 3 0
github.com/palomachain/paloma/x/scheduler/types/query.pb.go:297.14,299.3 1 0
github.com/palomachain/paloma/x/scheduler/types/query.pb.go:305.46,306.14 1 0
github.com/palomachain/paloma/x/scheduler/types/query.pb.go:309.2,313.10 5 0
github.com/palomachain/paloma/x/scheduler/types/query.pb.go:306.14,308.3 1 0
github.com/palomachain/paloma/x/scheduler/types/query.pb.go:316.33,318.2 1 0
github.com/palomachain/paloma/x/scheduler/types/query.pb.go:319.33,321.2 1 0
github.com/palomachain/paloma/x/scheduler/types/query.pb.go:322.59,325.16 3 0
github.com/palomachain/paloma/x/scheduler/types/query.pb.go:367.2,367.15 1 0
github.com/palomachain/paloma/x/scheduler/types/query.pb.go:370.2,370.12 1 0
github.com/palomachain/paloma/x/scheduler/types/query.pb.go:325.16,328.38 3 0
github.com/palomachain/paloma/x/scheduler/types/query.pb.go:342.3,344.20 3 0
github.com/palomachain/paloma/x/scheduler/types/query.pb.go:347.3,347.20 1 0
github.com/palomachain/paloma/x/scheduler/types/query.pb.go:350.3,350.19 1 0
github.com/palomachain/paloma/x/scheduler/types/query.pb.go:328.38,329.19 1 0
github.com/palomachain/paloma/x/scheduler/types/query.pb.go:332.4,332.18 1 0
github.com/palomachain/paloma/x/scheduler/types/query.pb.go:335.4,338.16 4 0
github.com/palomachain/paloma/x/scheduler/types/query.pb.go:329.19,331.5 1 0
github.com/palomachain/paloma/x/scheduler/types/query.pb.go:332.18,334.5 1 0
github.com/palomachain/paloma/x/scheduler/types/query.pb.go:338.16,339.10 1 0
github.com/palomachain/paloma/x/scheduler/types/query.pb.go:344.20,346.4 1 0
github.com/palomachain/paloma/x/scheduler/types/query.pb.go:347.20,349.4 1 0
github.com/palomachain/paloma/x/scheduler/types/query.pb.go:351.11,354.18 3 0
github.com/palomachain/paloma/x/scheduler/types/query.pb.go:357.4,357.42 1 0
github.com/palomachain/paloma/x/scheduler/types/query.pb.go:360.4,360.28 1 0
github.com/palomachain/paloma/x/scheduler/types/query.pb.go:363.4,363.19 1 0
github.com/palomachain/paloma/x/scheduler/types/query.pb.go:354.18,356.5 1 0
github.com/palomachain/paloma/x/scheduler/types/query.pb.go:357.42,359.5 1 0
github.com/palomachain/paloma/x/scheduler/types/query.pb.go:360.28,362.5 1 0
github.com/palomachain/paloma/x/scheduler/types/query.pb.go:367.15,369.3 1 0
github.com/palomachain/paloma/x/scheduler/types/query.pb.go:372.60,375.16 3 0
github.com/palomachain/paloma/x/scheduler/types/query.pb.go:450.2,450.15 1 0
github.com/palomachain/paloma/x/scheduler/types/query.pb.go:453.2,453.12 1 0
github.com/palomachain/paloma/x/scheduler/types/query.pb.go:375.16,378.38 3 0
github.com/palomachain/paloma/x/scheduler/types/query.pb.go:392.3,394.20 3 0
github.com/palomachain/paloma/x/scheduler/types/query.pb.go:397.3,397.20 1 0
github.com/palomachain/paloma/x/scheduler/types/query.pb.go:400.3,400.19 1 0
github.com/palomachain/paloma/x/scheduler/types/query.pb.go:378.38,379.19 1 0
github.com/palomachain/paloma/x/scheduler/types/query.pb.go:382.4,382.18 1 0
github.com/palomachain/paloma/x/scheduler/types/query.pb.go:385.4,388.16 4 0
github.com/palomachain/paloma/x/scheduler/types/query.pb.go:379.19,381.5 1 0
github.com/palomachain/paloma/x/scheduler/types/query.pb.go:382.18,384.5 1 0
github.com/palomachain/paloma/x/scheduler/types/query.pb.go:388.16,389.10 1 0
github.com/palomachain/paloma/x/scheduler/types/query.pb.go:394.20,396.4 1 0
github.com/palomachain/paloma/x/scheduler/types/query.pb.go:397.20,399.4 1 0
github.com/palomachain/paloma/x/scheduler/types/query.pb.go:401.10,402.21 1 0
github.com/palomachain/paloma/x/scheduler/types/query.pb.go:405.4,406.39 2 0
github.com/palomachain/paloma/x/scheduler/types/query.pb.go:420.4,420.18 1 0
github.com/palomachain/paloma/x/scheduler/types/query.pb.go:423.4,424.21 2 0
github.com/palomachain/paloma/x/scheduler/types/query.pb.go:427.4,427.21 1 0
github.com/palomachain/paloma/x/scheduler/types/query.pb.go:430.4,430.68 1 0
github.com/palomachain/paloma/x/scheduler/types/query.pb.go:433.4,433.21 1 0
github.com/palomachain/paloma/x/scheduler/types/query.pb.go:434.11,437.18 3 0
github.com/palomachain/paloma/x/scheduler/types/query.pb.go:440.4,440.42 1 0
github.com/palomachain/paloma/x/scheduler/types/query.pb.go:443.4,443.28 1 0
github.com/palomachain/paloma/x/scheduler/types/query.pb.go:446.4,446.19 1 0
github.com/palomachain/paloma/x/scheduler/types/query.pb.go:402.21,404.5 1 0
github.com/palomachain/paloma/x/scheduler/types/query.pb.go:406.39,407.20 1 0
github.com/palomachain/paloma/x/scheduler/types/query.pb.go:410.5,410.19 1 0
github.com/palomachain/paloma/x/scheduler/types/query.pb.go:413.5,416.17 4 0
github.com/palomachain/paloma/x/scheduler/types/query.pb.go:407.20,409.6 1 0
github.com/palomachain/paloma/x/scheduler/types/query.pb.go:410.19,412.6 1 0
github.com/palomachain/paloma/x/scheduler/types/query.pb.go:416.17,417.11 1 0
github.com/palomachain/paloma/x/scheduler/types/query.pb.go:420.18,422.5 1 0
github.com/palomachain/paloma/x/scheduler/types/query.pb.go:424.21,426.5 1 0
github.com/palomachain/paloma/x/scheduler/types/query.pb.go:427.21,429.5 1 0
github.com/palomachain/paloma/x/scheduler/types/query.pb.go:430.68,432.5 1 0
github.com/palomachain/paloma/x/scheduler/types/query.pb.go:437.18,439.5 1 0
github.com/palomachain/paloma/x/scheduler/types/query.pb.go:440.42,442.5 1 0
github.com/palomachain/paloma/x/scheduler/types/query.pb.go:443.28,445.5 1 0
github.com/palomachain/paloma/x/scheduler/types/query.pb.go:450.15,452.3 1 0
github.com/palomachain/paloma/x/scheduler/types/query.pb.go:455.48,459.16 4 0
github.com/palomachain/paloma/x/scheduler/types/query.pb.go:531.2,531.31 1 0
github.com/palomachain/paloma/x/scheduler/types/query.pb.go:459.16,461.38 2 0
github.com/palomachain/paloma/x/scheduler/types/query.pb.go:475.3,476.19 2 0
github.com/palomachain/paloma/x/scheduler/types/query.pb.go:524.3,524.16 1 0
github.com/palomachain/paloma/x/scheduler/types/query.pb.go:527.3,527.17 1 0
github.com/palomachain/paloma/x/scheduler/types/query.pb.go:461.38,462.19 1 0
github.com/palomachain/paloma/x/scheduler/types/query.pb.go:465.4,465.18 1 0
github.com/palomachain/paloma/x/scheduler/types/query.pb.go:468.4,471.16 4 0
github.com/palomachain/paloma/x/scheduler/types/query.pb.go:462.19,464.5 1 0
github.com/palomachain/paloma/x/scheduler/types/query.pb.go:465.18,467.5 1 0
github.com/palomachain/paloma/x/scheduler/types/query.pb.go:471.16,472.10 1 0
github.com/palomachain/paloma/x/scheduler/types/query.pb.go:477.10,478.39 1 0
github.com/palomachain/paloma/x/scheduler/types/query.pb.go:490.10,491.14 1 0
github.com/palomachain/paloma/x/scheduler/types/query.pb.go:492.10,494.39 2 0
github.com/palomachain/paloma/x/scheduler/types/query.pb.go:508.4,508.18 1 0
github.com/palomachain/paloma/x/scheduler/types/query.pb.go:511.4,511.19 1 0
github.com/palomachain/paloma/x/scheduler/types/query.pb.go:512.10,513.11 1 0
github.com/palomachain/paloma/x/scheduler/types/query.pb.go:514.10,515.18 1 0
github.com/palomachain/paloma/x/scheduler/types/query.pb.go:518.4,518.11 1 0
github.com/palomachain/paloma/x/scheduler/types/query.pb.go:519.10,520.14 1 0
github.com/palomachain/paloma/x/scheduler/types/query.pb.go:521.11,522.64 1 0
github.com/palomachain/paloma/x/scheduler/types/query.pb.go:478.39,479.20 1 0
github.com/palomachain/paloma/x/scheduler/types/query.pb.go:482.5,482.19 1 0
github.com/palomachain/paloma/x/scheduler/types/query.pb.go:485.5,486.29 2 0
github.com/palomachain/paloma/x/scheduler/types/query.pb.go:479.20,481.6 1 0
github.com/palomachain/paloma/x/scheduler/types/query.pb.go:482.19,484.6 1 0
github.com/palomachain/paloma/x/scheduler/types/query.pb.go:486.29,487.11 1 0
github.com/palomachain/paloma/x/scheduler/types/query.pb.go:494.39,495.20 1 0
github.com/palomachain/paloma/x/scheduler/types/query.pb.go:498.5,498.19 1 0
github.com/palomachain/paloma/x/scheduler/types/query.pb.go:501.5,504.17 4 0
github.com/palomachain/paloma/x/scheduler/types/query.pb.go:495.20,497.6 1 0
github.com/palomachain/paloma/x/scheduler/types/query.pb.go:498.19,500.6 1 0
github.com/palomachain/paloma/x/scheduler/types/query.pb.go:504.17,505.11 1 0
github.com/palomachain/paloma/x/scheduler/types/query.pb.go:508.18,510.5 1 0
github.com/palomachain/paloma/x/scheduler/types/query.pb.go:515.18,517.5 1 0
github.com/palomachain/paloma/x/scheduler/types/query.pb.go:524.16,526.4 1 0
github.com/palomachain/paloma/x/scheduler/types/query.pb.go:527.17,529.4 1 0
github.com/palomachain/paloma/x/scheduler/types/params.pb.go:30.31,30.48 1 0
github.com/palomachain/paloma/x/scheduler/types/params.pb.go:31.32,31.33 0 0
github.com/palomachain/paloma/x/scheduler/types/params.pb.go:32.45,34.2 1 0
github.com/palomachain/paloma/x/scheduler/types/params.pb.go:35.48,37.2 1 0
github.com/palomachain/paloma/x/scheduler/types/params.pb.go:38.76,39.19 1 0
github.com/palomachain/paloma/x/scheduler/types/params.pb.go:39.19,41.3 1 0
github.com/palomachain/paloma/x/scheduler/types/params.pb.go:41.8,44.17 3 0
github.com/palomachain/paloma/x/scheduler/types/params.pb.go:47.3,47.20 1 0
github.com/palomachain/paloma/x/scheduler/types/params.pb.go:44.17,46.4 1 0
github.com/palomachain/paloma/x/scheduler/types/params.pb.go:50.47,52.2 1 0
github.com/palomachain/paloma/x/scheduler/types/params.pb.go:53.33,55.2 1 0
github.com/palomachain/paloma/x/scheduler/types/params.pb.go:56.39,58.2 1 0
github.com/palomachain/paloma/x/scheduler/types/params.pb.go:62.13,64.2 1 1
github.com/palomachain/paloma/x/scheduler/types/params.pb.go:66.13,66.94 1 1
github.com/palomachain/paloma/x/scheduler/types/params.pb.go:82.53,86.16 4 0
github.com/palomachain/paloma/x/scheduler/types/params.pb.go:89.2,89.22 1 0
github.com/palomachain/paloma/x/scheduler/types/params.pb.go:86.16,88.3 1 0
github.com/palomachain/paloma/x/scheduler/types/params.pb.go:92.54,95.2 2 0
github.com/palomachain/paloma/x/scheduler/types/params.pb.go:97.65,103.2 5 0
github.com/palomachain/paloma/x/scheduler/types/params.pb.go:105.64,108.16 3 0
github.com/palomachain/paloma/x/scheduler/types/params.pb.go:113.2,114.13 2 0
github.com/palomachain/paloma/x/scheduler/types/params.pb.go:108.16,112.3 3 0
github.com/palomachain/paloma/x/scheduler/types/params.pb.go:116.33,117.14 1 0
github.com/palomachain/paloma/x/scheduler/types/params.pb.go:120.2,122.10 3 0
github.com/palomachain/paloma/x/scheduler/types/params.pb.go:117.14,119.3 1 0
github.com/palomachain/paloma/x/scheduler/types/params.pb.go:125.34,127.2 1 0
github.com/palomachain/paloma/x/scheduler/types/params.pb.go:128.34,130.2 1 0
github.com/palomachain/paloma/x/scheduler/types/params.pb.go:131.47,134.16 3 0
github.com/palomachain/paloma/x/scheduler/types/params.pb.go:176.2,176.15 1 0
github.com/palomachain/paloma/x/scheduler/types/params.pb.go:179.2,179.12 1 0
github.com/palomachain/paloma/x/scheduler/types/params.pb.go:134.16,137.38 3 0
github.com/palomachain/paloma/x/scheduler/types/params.pb.go:151.3,153.20 3 0
github.com/palomachain/paloma/x/scheduler/types/params.pb.go:156.3,156.20 1 0
github.com/palomachain/paloma/x/scheduler/types/params.pb.go:159.3,159.19 1 0
github.com/palomachain/paloma/x/scheduler/types/params.pb.go:137.38,138.19 1 0
github.com/palomachain/paloma/x/scheduler/types/params.pb.go:141.4,141.18 1 0
github.com/palomachain/paloma/x/scheduler/types/params.pb.go:144.4,147.16 4 0
github.com/palomachain/paloma/x/scheduler/types/params.pb.go:138.19,140.5 1 0
github.com/palomachain/paloma/x/scheduler/types/params.pb.go:141.18,143.5 1 0
github.com/palomachain/paloma/x/scheduler/types/params.pb.go:147.16,148.10 1 0
github.com/palomachain/paloma/x/scheduler/types/params.pb.go:153.20,155.4 1 0
github.com/palomachain/paloma/x/scheduler/types/params.pb.go:156.20,158.4 1 0
github.com/palomachain/paloma/x/scheduler/types/params.pb.go:160.11,163.18 3 0
github.com/palomachain/paloma/x/scheduler/types/params.pb.go:166.4,166.42 1 0
github.com/palomachain/paloma/x/scheduler/types/params.pb.go:169.4,169.28 1 0
github.com/palomachain/paloma/x/scheduler/types/params.pb.go:172.4,172.19 1 0
github.com/palomachain/paloma/x/scheduler/types/params.pb.go:163.18,165.5 1 0
github.com/palomachain/paloma/x/scheduler/types/params.pb.go:166.42,168.5 1 0
github.com/palomachain/paloma/x/scheduler/types/params.pb.go:169.28,171.5 1 0
github.com/palomachain/paloma/x/scheduler/types/params.pb.go:176.15,178.3 1 0
github.com/palomachain/paloma/x/scheduler/types/params.pb.go:181.49,185.16 4 0
github.com/palomachain/paloma/x/scheduler/types/params.pb.go:257.2,257.31 1 0
github.com/palomachain/paloma/x/scheduler/types/params.pb.go:185.16,187.38 2 0
github.com/palomachain/paloma/x/scheduler/types/params.pb.go:201.3,202.19 2 0
github.com/palomachain/paloma/x/scheduler/types/params.pb.go:250.3,250.16 1 0
github.com/palomachain/paloma/x/scheduler/types/params.pb.go:253.3,253.17 1 0
github.com/palomachain/paloma/x/scheduler/types/params.pb.go:187.38,188.19 1 0
github.com/palomachain/paloma/x/scheduler/types/params.pb.go:191.4,191.18 1 0
github.com/palomachain/paloma/x/scheduler/types/params.pb.go:194.4,197.16 4 0
github.com/palomachain/paloma/x/scheduler/types/params.pb.go:188.19,190.5 1 0
github.com/palomachain/paloma/x/scheduler/types/params.pb.go:191.18,193.5 1 0
github.com/palomachain/paloma/x/scheduler/types/params.pb.go:197.16,198.10 1 0
github.com/palomachain/paloma/x/scheduler/types/params.pb.go:203.10,204.39 1 0
github.com/palomachain/paloma/x/scheduler/types/params.pb.go:216.10,217.14 1 0
github.com/palomachain/paloma/x/scheduler/types/params.pb.go:218.10,220.39 2 0
github.com/palomachain/paloma/x/scheduler/types/params.pb.go:234.4,234.18 1 0
github.com/palomachain/paloma/x/scheduler/types/params.pb.go:237.4,237.19 1 0
github.com/palomachain/paloma/x/scheduler/types/params.pb.go:238.10,239.11 1 0
github.com/palomachain/paloma/x/scheduler/types/params.pb.go:240.10,241.18 1 0
github.com/palomachain/paloma/x/scheduler/types/params.pb.go:244.4,244.11 1 0
github.com/palomachain/paloma/x/scheduler/types/params.pb.go:245.10,246.14 1 0
github.com/palomachain/paloma/x/scheduler/types/params.pb.go:247.11,248.64 1 0
github.com/palomachain/paloma/x/scheduler/types/params.pb.go:204.39,205.20 1 0
github.com/palomachain/paloma/x/scheduler/types/params.pb.go:208.5,208.19 1 0
github.com/palomachain/paloma/x/scheduler/types/params.pb.go:211.5,212.29 2 0
github.com/palomachain/paloma/x/scheduler/types/params.pb.go:205.20,207.6 1 0
github.com/palomachain/paloma/x/scheduler/types/params.pb.go:208.19,210.6 1 0
github.com/palomachain/paloma/x/scheduler/types/params.pb.go:212.29,213.11 1 0
github.com/palomachain/paloma/x/scheduler/types/params.pb.go:220.39,221.20 1 0
github.com/palomachain/paloma/x/scheduler/types/params.pb.go:224.5,224.19 1 0
github.com/palomachain/paloma/x/scheduler/types/params.pb.go:227.5,230.17 4 0
github.com/palomachain/paloma/x/scheduler/types/params.pb.go:221.20,223.6 1 0
github.com/palomachain/paloma/x/scheduler/types/params.pb.go:224.19,226.6 1 0
github.com/palomachain/paloma/x/scheduler/types/params.pb.go:230.17,231.11 1 0
github.com/palomachain/paloma/x/scheduler/types/params.pb.go:234.18,236.5 1 0
github.com/palomachain/paloma/x/scheduler/types/params.pb.go:241.18,243.5 1 0
github.com/palomachain/paloma/x/scheduler/types/params.pb.go:250.16,252.4 1 0
github.com/palomachain/paloma/x/scheduler/types/params.pb.go:253.17,255.4 1 0
github.com/palomachain/paloma/x/scheduler/types/query.pb.gw.go:36.195,43.2 4 0
github.com/palomachain/paloma/x/scheduler/types/query.pb.gw.go:45.201,52.2 4 0
github.com/palomachain/paloma/x/scheduler/types/query.pb.gw.go:58.103,60.121 1 0
github.com/palomachain/paloma/x/scheduler/types/query.pb.gw.go:83.2,83.12 1 0
github.com/palomachain/paloma/x/scheduler/types/query.pb.gw.go:60.121,67.17 7 0
github.com/palomachain/paloma/x/scheduler/types/query.pb.gw.go:71.3,74.17 4 0
github.com/palomachain/paloma/x/scheduler/types/query.pb.gw.go:79.3,79.104 1 0
github.com/palomachain/paloma/x/scheduler/types/query.pb.gw.go:67.17,70.4 2 0
github.com/palomachain/paloma/x/scheduler/types/query.pb.gw.go:74.17,77.4 2 0
github.com/palomachain/paloma/x/scheduler/types/query.pb.gw.go:88.136,90.16 2 0
github.com/palomachain/paloma/x/scheduler/types/query.pb.gw.go:93.2,93.15 1 0
github.com/palomachain/paloma/x/scheduler/types/query.pb.gw.go:108.2,108.45 1 0
github.com/palomachain/paloma/x/scheduler/types/query.pb.gw.go:90.16,92.3 1 0
github.com/palomachain/paloma/x/scheduler/types/query.pb.gw.go:93.15,94.17 1 0
github.com/palomachain/paloma/x/scheduler/types/query.pb.gw.go:100.3,100.13 1 0
github.com/palomachain/paloma/x/scheduler/types/query.pb.gw.go:94.17,95.41 1 0
github.com/palomachain/paloma/x/scheduler/types/query.pb.gw.go:98.4,98.10 1 0
github.com/palomachain/paloma/x/scheduler/types/query.pb.gw.go:95.41,97.5 1 0
github.com/palomachain/paloma/x/scheduler/types/query.pb.gw.go:100.13,102.41 2 0
github.com/palomachain/paloma/x/scheduler/types/query.pb.gw.go:102.41,104.5 1 0
github.com/palomachain/paloma/x/scheduler/types/query.pb.gw.go:113.100,115.2 1 0
github.com/palomachain/paloma/x/scheduler/types/query.pb.gw.go:122.103,124.121 1 0
github.com/palomachain/paloma/x/scheduler/types/query.pb.gw.go:144.2,144.12 1 0
github.com/palomachain/paloma/x/scheduler/types/query.pb.gw.go:124.121,129.17 5 0
github.com/palomachain/paloma/x/scheduler/types/query.pb.gw.go:133.3,135.17 3 0
github.com/palomachain/paloma/x/scheduler/types/query.pb.gw.go:140.3,140.104 1 0
github.com/palomachain/paloma/x/scheduler/types/query.pb.gw.go:129.17,132.4 2 0
github.com/palomachain/paloma/x/scheduler/types/query.pb.gw.go:135.17,138.4 2 0
github.com/palomachain/paloma/x/scheduler/types/tx.pb.go:26.13,26.90 1 1
github.com/palomachain/paloma/x/scheduler/types/tx.pb.go:59.50,61.2 1 0
github.com/palomachain/paloma/x/scheduler/types/tx.pb.go:71.55,73.2 1 0
github.com/palomachain/paloma/x/scheduler/types/keys.go:38.33,40.2 1 1
github.com/palomachain/paloma/x/consensus/types/codec.go:11.44,16.2 3 0
github.com/palomachain/paloma/x/consensus/types/codec.go:18.62,32.2 4 0
github.com/palomachain/paloma/x/consensus/types/params.pb.go:30.31,30.48 1 0
github.com/palomachain/paloma/x/consensus/types/params.pb.go:31.32,31.33 0 0
github.com/palomachain/paloma/x/consensus/types/params.pb.go:32.45,34.2 1 0
github.com/palomachain/paloma/x/consensus/types/params.pb.go:35.48,37.2 1 0
github.com/palomachain/paloma/x/consensus/types/params.pb.go:38.76,39.19 1 0
github.com/palomachain/paloma/x/consensus/types/params.pb.go:39.19,41.3 1 0
github.com/palomachain/paloma/x/consensus/types/params.pb.go:41.8,44.17 3 0
github.com/palomachain/paloma/x/consensus/types/params.pb.go:47.3,47.20 1 0
github.com/palomachain/paloma/x/consensus/types/params.pb.go:44.17,46.4 1 0
github.com/palomachain/paloma/x/consensus/types/params.pb.go:50.47,52.2 1 0
github.com/palomachain/paloma/x/consensus/types/params.pb.go:53.33,55.2 1 0
github.com/palomachain/paloma/x/consensus/types/params.pb.go:56.39,58.2 1 0
github.com/palomachain/paloma/x/consensus/types/params.pb.go:62.13,64.2 1 1
github.com/palomachain/paloma/x/consensus/types/params.pb.go:66.13,66.94 1 1
github.com/palomachain/paloma/x/consensus/types/params.pb.go:82.53,86.16 4 0
github.com/palomachain/paloma/x/consensus/types/params.pb.go:89.2,89.22 1 0
github.com/palomachain/paloma/x/consensus/types/params.pb.go:86.16,88.3 1 0
github.com/palomachain/paloma/x/consensus/types/params.pb.go:92.54,95.2 2 0
github.com/palomachain/paloma/x/consensus/types/params.pb.go:97.65,103.2 5 0
github.com/palomachain/paloma/x/consensus/types/params.pb.go:105.64,108.16 3 0
github.com/palomachain/paloma/x/consensus/types/params.pb.go:113.2,114.13 2 0
github.com/palomachain/paloma/x/consensus/types/params.pb.go:108.16,112.3 3 0
github.com/palomachain/paloma/x/consensus/types/params.pb.go:116.33,117.14 1 0
github.com/palomachain/paloma/x/consensus/types/params.pb.go:120.2,122.10 3 0
github.com/palomachain/paloma/x/consensus/types/params.pb.go:117.14,119.3 1 0
github.com/palomachain/paloma/x/consensus/types/params.pb.go:125.34,127.2 1 0
github.com/palomachain/paloma/x/consensus/types/params.pb.go:128.34,130.2 1 0
github.com/palomachain/paloma/x/consensus/types/params.pb.go:131.47,134.16 3 0
github.com/palomachain/paloma/x/consensus/types/params.pb.go:176.2,176.15 1 0
github.com/palomachain/paloma/x/consensus/types/params.pb.go:179.2,179.12 1 0
github.com/palomachain/paloma/x/consensus/types/params.pb.go:134.16,137.38 3 0
github.com/palomachain/paloma/x/consensus/types/params.pb.go:151.3,153.20 3 0
github.com/palomachain/paloma/x/consensus/types/params.pb.go:156.3,156.20 1 0
github.com/palomachain/paloma/x/consensus/types/params.pb.go:159.3,159.19 1 0
github.com/palomachain/paloma/x/consensus/types/params.pb.go:137.38,138.19 1 0
github.com/palomachain/paloma/x/consensus/types/params.pb.go:141.4,141.18 1 0
github.com/palomachain/paloma/x/consensus/types/params.pb.go:144.4,147.16 4 0
github.com/palomachain/paloma/x/consensus/types/params.pb.go:138.19,140.5 1 0
github.com/palomachain/paloma/x/consensus/types/params.pb.go:141.18,143.5 1 0
github.com/palomachain/paloma/x/consensus/types/params.pb.go:147.16,148.10 1 0
github.com/palomachain/paloma/x/consensus/types/params.pb.go:153.20,155.4 1 0
github.com/palomachain/paloma/x/consensus/types/params.pb.go:156.20,158.4 1 0
github.com/palomachain/paloma/x/consensus/types/params.pb.go:160.11,163.18 3 0
github.com/palomachain/paloma/x/consensus/types/params.pb.go:166.4,166.42 1 0
github.com/palomachain/paloma/x/consensus/types/params.pb.go:169.4,169.28 1 0
github.com/palomachain/paloma/x/consensus/types/params.pb.go:172.4,172.19 1 0
github.com/palomachain/paloma/x/consensus/types/params.pb.go:163.18,165.5 1 0
github.com/palomachain/paloma/x/consensus/types/params.pb.go:166.42,168.5 1 0
github.com/palomachain/paloma/x/consensus/types/params.pb.go:169.28,171.5 1 0
github.com/palomachain/paloma/x/consensus/types/params.pb.go:176.15,178.3 1 0
github.com/palomachain/paloma/x/consensus/types/params.pb.go:181.49,185.16 4 0
github.com/palomachain/paloma/x/consensus/types/params.pb.go:257.2,257.31 1 0
github.com/palomachain/paloma/x/consensus/types/params.pb.go:185.16,187.38 2 0
github.com/palomachain/paloma/x/consensus/types/params.pb.go:201.3,202.19 2 0
github.com/palomachain/paloma/x/consensus/types/params.pb.go:250.3,250.16 1 0
github.com/palomachain/paloma/x/consensus/types/params.pb.go:253.3,253.17 1 0
github.com/palomachain/paloma/x/consensus/types/params.pb.go:187.38,188.19 1 0
github.com/palomachain/paloma/x/consensus/types/params.pb.go:191.4,191.18 1 0
github.com/palomachain/paloma/x/consensus/types/params.pb.go:194.4,197.16 4 0
github.com/palomachain/paloma/x/consensus/types/params.pb.go:188.19,190.5 1 0
github.com/palomachain/paloma/x/consensus/types/params.pb.go:191.18,193.5 1 0
github.com/palomachain/paloma/x/consensus/types/params.pb.go:197.16,198.10 1 0
github.com/palomachain/paloma/x/consensus/types/params.pb.go:203.10,204.39 1 0
github.com/palomachain/paloma/x/consensus/types/params.pb.go:216.10,217.14 1 0
github.com/palomachain/paloma/x/consensus/types/params.pb.go:218.10,220.39 2 0
github.com/palomachain/paloma/x/consensus/types/params.pb.go:234.4,234.18 1 0
github.com/palomachain/paloma/x/consensus/types/params.pb.go:237.4,237.19 1 0
github.com/palomachain/paloma/x/consensus/types/params.pb.go:238.10,239.11 1 0
github.com/palomachain/paloma/x/consensus/types/params.pb.go:240.10,241.18 1 0
github.com/palomachain/paloma/x/consensus/types/params.pb.go:244.4,244.11 1 0
github.com/palomachain/paloma/x/consensus/types/params.pb.go:245.10,246.14 1 0
github.com/palomachain/paloma/x/consensus/types/params.pb.go:247.11,248.64 1 0
github.com/palomachain/paloma/x/consensus/types/params.pb.go:204.39,205.20 1 0
github.com/palomachain/paloma/x/consensus/types/params.pb.go:208.5,208.19 1 0
github.com/palomachain/paloma/x/consensus/types/params.pb.go:211.5,212.29 2 0
github.com/palomachain/paloma/x/consensus/types/params.pb.go:205.20,207.6 1 0
github.com/palomachain/paloma/x/consensus/types/params.pb.go:208.19,210.6 1 0
github.com/palomachain/paloma/x/consensus/types/params.pb.go:212.29,213.11 1 0
github.com/palomachain/paloma/x/consensus/types/params.pb.go:220.39,221.20 1 0
github.com/palomachain/paloma/x/consensus/types/params.pb.go:224.5,224.19 1 0
github.com/palomachain/paloma/x/consensus/types/params.pb.go:227.5,230.17 4 0
github.com/palomachain/paloma/x/consensus/types/params.pb.go:221.20,223.6 1 0
github.com/palomachain/paloma/x/consensus/types/params.pb.go:224.19,226.6 1 0
github.com/palomachain/paloma/x/consensus/types/params.pb.go:230.17,231.11 1 0
github.com/palomachain/paloma/x/consensus/types/params.pb.go:234.18,236.5 1 0
github.com/palomachain/paloma/x/consensus/types/params.pb.go:241.18,243.5 1 0
github.com/palomachain/paloma/x/consensus/types/params.pb.go:250.16,252.4 1 0
github.com/palomachain/paloma/x/consensus/types/params.pb.go:253.17,255.4 1 0
github.com/palomachain/paloma/x/consensus/types/type_checker.go:7.45,8.26 1 0
github.com/palomachain/paloma/x/consensus/types/type_checker.go:8.26,12.3 3 0
github.com/palomachain/paloma/x/consensus/types/message_add_messages_signatures.go:12.76,16.2 1 0
github.com/palomachain/paloma/x/consensus/types/message_add_messages_signatures.go:18.53,20.2 1 0
github.com/palomachain/paloma/x/consensus/types/message_add_messages_signatures.go:22.52,24.2 1 0
github.com/palomachain/paloma/x/consensus/types/message_add_messages_signatures.go:26.68,28.16 2 0
github.com/palomachain/paloma/x/consensus/types/message_add_messages_signatures.go:31.2,31.34 1 0
github.com/palomachain/paloma/x/consensus/types/message_add_messages_signatures.go:28.16,29.13 1 0
github.com/palomachain/paloma/x/consensus/types/message_add_messages_signatures.go:34.60,37.2 2 0
github.com/palomachain/paloma/x/consensus/types/message_add_messages_signatures.go:39.60,41.16 2 1
github.com/palomachain/paloma/x/consensus/types/message_add_messages_signatures.go:44.2,44.12 1 1
github.com/palomachain/paloma/x/consensus/types/message_add_messages_signatures.go:41.16,43.3 1 1
github.com/palomachain/paloma/x/consensus/types/query.pb.gw.go:36.195,43.2 4 0
github.com/palomachain/paloma/x/consensus/types/query.pb.gw.go:45.201,52.2 4 0
github.com/palomachain/paloma/x/consensus/types/query.pb.gw.go:58.213,62.40 3 0
github.com/palomachain/paloma/x/consensus/types/query.pb.gw.go:65.2,65.118 1 0
github.com/palomachain/paloma/x/consensus/types/query.pb.gw.go:69.2,70.27 2 0
github.com/palomachain/paloma/x/consensus/types/query.pb.gw.go:62.40,64.3 1 0
github.com/palomachain/paloma/x/consensus/types/query.pb.gw.go:65.118,67.3 1 0
github.com/palomachain/paloma/x/consensus/types/query.pb.gw.go:74.219,78.40 3 0
github.com/palomachain/paloma/x/consensus/types/query.pb.gw.go:81.2,81.118 1 0
github.com/palomachain/paloma/x/consensus/types/query.pb.gw.go:85.2,86.27 2 0
github.com/palomachain/paloma/x/consensus/types/query.pb.gw.go:78.40,80.3 1 0
github.com/palomachain/paloma/x/consensus/types/query.pb.gw.go:81.118,83.3 1 0
github.com/palomachain/paloma/x/consensus/types/query.pb.gw.go:90.205,102.9 5 0
github.com/palomachain/paloma/x/consensus/types/query.pb.gw.go:106.2,108.16 2 0
github.com/palomachain/paloma/x/consensus/types/query.pb.gw.go:112.2,113.27 2 0
github.com/palomachain/paloma/x/consensus/types/query.pb.gw.go:102.9,104.3 1 0
github.com/palomachain/paloma/x/consensus/types/query.pb.gw.go:108.16,110.3 1 0
github.com/palomachain/paloma/x/consensus/types/query.pb.gw.go:117.211,129.9 5 0
github.com/palomachain/paloma/x/consensus/types/query.pb.gw.go:133.2,135.16 2 0
github.com/palomachain/paloma/x/consensus/types/query.pb.gw.go:139.2,140.27 2 0
github.com/palomachain/paloma/x/consensus/types/query.pb.gw.go:129.9,131.3 1 0
github.com/palomachain/paloma/x/consensus/types/query.pb.gw.go:135.16,137.3 1 0
github.com/palomachain/paloma/x/consensus/types/query.pb.gw.go:148.103,150.121 1 0
github.com/palomachain/paloma/x/consensus/types/query.pb.gw.go:173.2,173.139 1 0
github.com/palomachain/paloma/x/consensus/types/query.pb.gw.go:196.2,196.131 1 0
github.com/palomachain/paloma/x/consensus/types/query.pb.gw.go:219.2,219.12 1 0
github.com/palomachain/paloma/x/consensus/types/query.pb.gw.go:150.121,157.17 7 0
github.com/palomachain/paloma/x/consensus/types/query.pb.gw.go:161.3,164.17 4 0
github.com/palomachain/paloma/x/consensus/types/query.pb.gw.go:169.3,169.104 1 0
github.com/palomachain/paloma/x/consensus/types/query.pb.gw.go:157.17,160.4 2 0
github.com/palomachain/paloma/x/consensus/types/query.pb.gw.go:164.17,167.4 2 0
github.com/palomachain/paloma/x/consensus/types/query.pb.gw.go:173.139,180.17 7 0
github.com/palomachain/paloma/x/consensus/types/query.pb.gw.go:184.3,187.17 4 0
github.com/palomachain/paloma/x/consensus/types/query.pb.gw.go:192.3,192.122 1 0
github.com/palomachain/paloma/x/consensus/types/query.pb.gw.go:180.17,183.4 2 0
github.com/palomachain/paloma/x/consensus/types/query.pb.gw.go:187.17,190.4 2 0
github.com/palomachain/paloma/x/consensus/types/query.pb.gw.go:196.131,203.17 7 0
github.com/palomachain/paloma/x/consensus/types/query.pb.gw.go:207.3,210.17 4 0
github.com/palomachain/paloma/x/consensus/types/query.pb.gw.go:215.3,215.114 1 0
github.com/palomachain/paloma/x/consensus/types/query.pb.gw.go:203.17,206.4 2 0
github.com/palomachain/paloma/x/consensus/types/query.pb.gw.go:210.17,213.4 2 0
github.com/palomachain/paloma/x/consensus/types/query.pb.gw.go:224.136,226.16 2 0
github.com/palomachain/paloma/x/consensus/types/query.pb.gw.go:229.2,229.15 1 0
github.com/palomachain/paloma/x/consensus/types/query.pb.gw.go:244.2,244.45 1 0
github.com/palomachain/paloma/x/consensus/types/query.pb.gw.go:226.16,228.3 1 0
github.com/palomachain/paloma/x/consensus/types/query.pb.gw.go:229.15,230.17 1 0
github.com/palomachain/paloma/x/consensus/types/query.pb.gw.go:236.3,236.13 1 0
github.com/palomachain/paloma/x/consensus/types/query.pb.gw.go:230.17,231.41 1 0
github.com/palomachain/paloma/x/consensus/types/query.pb.gw.go:234.4,234.10 1 0
github.com/palomachain/paloma/x/consensus/types/query.pb.gw.go:231.41,233.5 1 0
github.com/palomachain/paloma/x/consensus/types/query.pb.gw.go:236.13,238.41 2 0
github.com/palomachain/paloma/x/consensus/types/query.pb.gw.go:238.41,240.5 1 0
github.com/palomachain/paloma/x/consensus/types/query.pb.gw.go:249.100,251.2 1 0
github.com/palomachain/paloma/x/consensus/types/query.pb.gw.go:258.103,260.121 1 0
github.com/palomachain/paloma/x/consensus/types/query.pb.gw.go:280.2,280.139 1 0
github.com/palomachain/paloma/x/consensus/types/query.pb.gw.go:300.2,300.131 1 0
github.com/palomachain/paloma/x/consensus/types/query.pb.gw.go:320.2,320.12 1 0
github.com/palomachain/paloma/x/consensus/types/query.pb.gw.go:260.121,265.17 5 0
github.com/palomachain/paloma/x/consensus/types/query.pb.gw.go:269.3,271.17 3 0
github.com/palomachain/paloma/x/consensus/types/query.pb.gw.go:276.3,276.104 1 0
github.com/palomachain/paloma/x/consensus/types/query.pb.gw.go:265.17,268.4 2 0
github.com/palomachain/paloma/x/consensus/types/query.pb.gw.go:271.17,274.4 2 0
github.com/palomachain/paloma/x/consensus/types/query.pb.gw.go:280.139,285.17 5 0
github.com/palomachain/paloma/x/consensus/types/query.pb.gw.go:289.3,291.17 3 0
github.com/palomachain/paloma/x/consensus/types/query.pb.gw.go:296.3,296.122 1 0
github.com/palomachain/paloma/x/consensus/types/query.pb.gw.go:285.17,288.4 2 0
github.com/palomachain/paloma/x/consensus/types/query.pb.gw.go:291.17,294.4 2 0
github.com/palomachain/paloma/x/consensus/types/query.pb.gw.go:300.131,305.17 5 0
github.com/palomachain/paloma/x/consensus/types/query.pb.gw.go:309.3,311.17 3 0
github.com/palomachain/paloma/x/consensus/types/query.pb.gw.go:316.3,316.114 1 0
github.com/palomachain/paloma/x/consensus/types/query.pb.gw.go:305.17,308.4 2 0
github.com/palomachain/paloma/x/consensus/types/query.pb.gw.go:311.17,314.4 2 0
github.com/palomachain/paloma/x/consensus/types/tx.pb.go:35.52,35.87 1 0
github.com/palomachain/paloma/x/consensus/types/tx.pb.go:36.52,36.89 1 0
github.com/palomachain/paloma/x/consensus/types/tx.pb.go:37.53,37.54 0 0
github.com/palomachain/paloma/x/consensus/types/tx.pb.go:38.63,40.2 1 0
github.com/palomachain/paloma/x/consensus/types/tx.pb.go:41.66,43.2 1 0
github.com/palomachain/paloma/x/consensus/types/tx.pb.go:44.94,45.19 1 0
github.com/palomachain/paloma/x/consensus/types/tx.pb.go:45.19,47.3 1 0
github.com/palomachain/paloma/x/consensus/types/tx.pb.go:47.8,50.17 3 0
github.com/palomachain/paloma/x/consensus/types/tx.pb.go:53.3,53.20 1 0
github.com/palomachain/paloma/x/consensus/types/tx.pb.go:50.17,52.4 1 0
github.com/palomachain/paloma/x/consensus/types/tx.pb.go:56.65,58.2 1 0
github.com/palomachain/paloma/x/consensus/types/tx.pb.go:59.51,61.2 1 0
github.com/palomachain/paloma/x/consensus/types/tx.pb.go:62.57,64.2 1 0
github.com/palomachain/paloma/x/consensus/types/tx.pb.go:68.56,69.14 1 0
github.com/palomachain/paloma/x/consensus/types/tx.pb.go:72.2,72.11 1 0
github.com/palomachain/paloma/x/consensus/types/tx.pb.go:69.14,71.3 1 0
github.com/palomachain/paloma/x/consensus/types/tx.pb.go:75.101,76.14 1 0
github.com/palomachain/paloma/x/consensus/types/tx.pb.go:79.2,79.12 1 0
github.com/palomachain/paloma/x/consensus/types/tx.pb.go:76.14,78.3 1 0
github.com/palomachain/paloma/x/consensus/types/tx.pb.go:89.61,91.2 1 0
github.com/palomachain/paloma/x/consensus/types/tx.pb.go:92.69,94.2 1 0
github.com/palomachain/paloma/x/consensus/types/tx.pb.go:95.67,95.68 0 0
github.com/palomachain/paloma/x/consensus/types/tx.pb.go:96.80,98.2 1 0
github.com/palomachain/paloma/x/consensus/types/tx.pb.go:99.83,101.2 1 0
github.com/palomachain/paloma/x/consensus/types/tx.pb.go:102.111,103.19 1 0
github.com/palomachain/paloma/x/consensus/types/tx.pb.go:103.19,105.3 1 0
github.com/palomachain/paloma/x/consensus/types/tx.pb.go:105.8,108.17 3 0
github.com/palomachain/paloma/x/consensus/types/tx.pb.go:111.3,111.20 1 0
github.com/palomachain/paloma/x/consensus/types/tx.pb.go:108.17,110.4 1 0
github.com/palomachain/paloma/x/consensus/types/tx.pb.go:114.82,116.2 1 0
github.com/palomachain/paloma/x/consensus/types/tx.pb.go:117.68,119.2 1 0
github.com/palomachain/paloma/x/consensus/types/tx.pb.go:120.74,122.2 1 0
github.com/palomachain/paloma/x/consensus/types/tx.pb.go:126.68,127.14 1 0
github.com/palomachain/paloma/x/consensus/types/tx.pb.go:130.2,130.10 1 0
github.com/palomachain/paloma/x/consensus/types/tx.pb.go:127.14,129.3 1 0
github.com/palomachain/paloma/x/consensus/types/tx.pb.go:133.79,134.14 1 0
github.com/palomachain/paloma/x/consensus/types/tx.pb.go:137.2,137.11 1 0
github.com/palomachain/paloma/x/consensus/types/tx.pb.go:134.14,136.3 1 0
github.com/palomachain/paloma/x/consensus/types/tx.pb.go:140.75,141.14 1 0
github.com/palomachain/paloma/x/consensus/types/tx.pb.go:144.2,144.12 1 0
github.com/palomachain/paloma/x/consensus/types/tx.pb.go:141.14,143.3 1 0
github.com/palomachain/paloma/x/consensus/types/tx.pb.go:147.75,148.14 1 0
github.com/palomachain/paloma/x/consensus/types/tx.pb.go:151.2,151.12 1 0
github.com/palomachain/paloma/x/consensus/types/tx.pb.go:148.14,150.3 1 0
github.com/palomachain/paloma/x/consensus/types/tx.pb.go:157.60,157.103 1 0
github.com/palomachain/paloma/x/consensus/types/tx.pb.go:158.60,158.97 1 0
github.com/palomachain/paloma/x/consensus/types/tx.pb.go:159.61,159.62 0 0
github.com/palomachain/paloma/x/consensus/types/tx.pb.go:160.71,162.2 1 0
github.com/palomachain/paloma/x/consensus/types/tx.pb.go:163.74,165.2 1 0
github.com/palomachain/paloma/x/consensus/types/tx.pb.go:166.102,167.19 1 0
github.com/palomachain/paloma/x/consensus/types/tx.pb.go:167.19,169.3 1 0
github.com/palomachain/paloma/x/consensus/types/tx.pb.go:169.8,172.17 3 0
github.com/palomachain/paloma/x/consensus/types/tx.pb.go:175.3,175.20 1 0
github.com/palomachain/paloma/x/consensus/types/tx.pb.go:172.17,174.4 1 0
github.com/palomachain/paloma/x/consensus/types/tx.pb.go:178.73,180.2 1 0
github.com/palomachain/paloma/x/consensus/types/tx.pb.go:181.59,183.2 1 0
github.com/palomachain/paloma/x/consensus/types/tx.pb.go:184.65,186.2 1 0
github.com/palomachain/paloma/x/consensus/types/tx.pb.go:190.13,194.2 3 1
github.com/palomachain/paloma/x/consensus/types/tx.pb.go:196.13,196.90 1 1
github.com/palomachain/paloma/x/consensus/types/tx.pb.go:242.50,244.2 1 0
github.com/palomachain/paloma/x/consensus/types/tx.pb.go:246.162,249.16 3 0
github.com/palomachain/paloma/x/consensus/types/tx.pb.go:252.2,252.17 1 0
github.com/palomachain/paloma/x/consensus/types/tx.pb.go:249.16,251.3 1 0
github.com/palomachain/paloma/x/consensus/types/tx.pb.go:264.149,266.2 1 0
github.com/palomachain/paloma/x/consensus/types/tx.pb.go:268.55,270.2 1 0
github.com/palomachain/paloma/x/consensus/types/tx.pb.go:272.170,274.32 2 0
github.com/palomachain/paloma/x/consensus/types/tx.pb.go:277.2,277.24 1 0
github.com/palomachain/paloma/x/consensus/types/tx.pb.go:280.2,284.77 2 0
github.com/palomachain/paloma/x/consensus/types/tx.pb.go:287.2,287.44 1 0
github.com/palomachain/paloma/x/consensus/types/tx.pb.go:274.32,276.3 1 0
github.com/palomachain/paloma/x/consensus/types/tx.pb.go:277.24,279.3 1 0
github.com/palomachain/paloma/x/consensus/types/tx.pb.go:284.77,286.3 1 0
github.com/palomachain/paloma/x/consensus/types/tx.pb.go:303.71,307.16 4 0
github.com/palomachain/paloma/x/consensus/types/tx.pb.go:310.2,310.22 1 0
github.com/palomachain/paloma/x/consensus/types/tx.pb.go:307.16,309.3 1 0
github.com/palomachain/paloma/x/consensus/types/tx.pb.go:313.72,316.2 2 0
github.com/palomachain/paloma/x/consensus/types/tx.pb.go:318.83,323.31 5 0
github.com/palomachain/paloma/x/consensus/types/tx.pb.go:337.2,337.24 1 0
github.com/palomachain/paloma/x/consensus/types/tx.pb.go:344.2,344.27 1 0
github.com/palomachain/paloma/x/consensus/types/tx.pb.go:323.31,324.63 1 0
github.com/palomachain/paloma/x/consensus/types/tx.pb.go:324.63,325.4 1 0
github.com/palomachain/paloma/x/consensus/types/tx.pb.go:333.4,334.18 2 0
github.com/palomachain/paloma/x/consensus/types/tx.pb.go:325.4,327.19 2 0
github.com/palomachain/paloma/x/consensus/types/tx.pb.go:330.5,331.46 2 0
github.com/palomachain/paloma/x/consensus/types/tx.pb.go:327.19,329.6 1 0
github.com/palomachain/paloma/x/consensus/types/tx.pb.go:337.24,343.3 5 0
github.com/palomachain/paloma/x/consensus/types/tx.pb.go:347.88,351.16 4 0
github.com/palomachain/paloma/x/consensus/types/tx.pb.go:354.2,354.22 1 0
github.com/palomachain/paloma/x/consensus/types/tx.pb.go:351.16,353.3 1 0
github.com/palomachain/paloma/x/consensus/types/tx.pb.go:357.89,360.2 2 0
github.com/palomachain/paloma/x/consensus/types/tx.pb.go:362.100,367.26 5 0
github.com/palomachain/paloma/x/consensus/types/tx.pb.go:374.2,374.26 1 0
github.com/palomachain/paloma/x/consensus/types/tx.pb.go:381.2,381.30 1 0
github.com/palomachain/paloma/x/consensus/types/tx.pb.go:388.2,388.15 1 0
github.com/palomachain/paloma/x/consensus/types/tx.pb.go:393.2,393.27 1 0
github.com/palomachain/paloma/x/consensus/types/tx.pb.go:367.26,373.3 5 0
github.com/palomachain/paloma/x/consensus/types/tx.pb.go:374.26,380.3 5 0
github.com/palomachain/paloma/x/consensus/types/tx.pb.go:381.30,387.3 5 0
github.com/palomachain/paloma/x/consensus/types/tx.pb.go:388.15,392.3 3 0
github.com/palomachain/paloma/x/consensus/types/tx.pb.go:396.79,400.16 4 0
github.com/palomachain/paloma/x/consensus/types/tx.pb.go:403.2,403.22 1 0
github.com/palomachain/paloma/x/consensus/types/tx.pb.go:400.16,402.3 1 0
github.com/palomachain/paloma/x/consensus/types/tx.pb.go:406.80,409.2 2 0
github.com/palomachain/paloma/x/consensus/types/tx.pb.go:411.91,417.2 5 0
github.com/palomachain/paloma/x/consensus/types/tx.pb.go:419.60,422.16 3 0
github.com/palomachain/paloma/x/consensus/types/tx.pb.go:427.2,428.13 2 0
github.com/palomachain/paloma/x/consensus/types/tx.pb.go:422.16,426.3 3 0
github.com/palomachain/paloma/x/consensus/types/tx.pb.go:430.51,431.14 1 0
github.com/palomachain/paloma/x/consensus/types/tx.pb.go:434.2,437.11 4 0
github.com/palomachain/paloma/x/consensus/types/tx.pb.go:440.2,440.31 1 0
github.com/palomachain/paloma/x/consensus/types/tx.pb.go:446.2,446.10 1 0
github.com/palomachain/paloma/x/consensus/types/tx.pb.go:431.14,433.3 1 0
github.com/palomachain/paloma/x/consensus/types/tx.pb.go:437.11,439.3 1 0
github.com/palomachain/paloma/x/consensus/types/tx.pb.go:440.31,441.38 1 0
github.com/palomachain/paloma/x/consensus/types/tx.pb.go:441.38,444.4 2 0
github.com/palomachain/paloma/x/consensus/types/tx.pb.go:449.68,450.14 1 0
github.com/palomachain/paloma/x/consensus/types/tx.pb.go:453.2,455.15 3 0
github.com/palomachain/paloma/x/consensus/types/tx.pb.go:458.2,459.11 2 0
github.com/palomachain/paloma/x/consensus/types/tx.pb.go:462.2,463.11 2 0
github.com/palomachain/paloma/x/consensus/types/tx.pb.go:466.2,467.11 2 0
github.com/palomachain/paloma/x/consensus/types/tx.pb.go:470.2,470.10 1 0
github.com/palomachain/paloma/x/consensus/types/tx.pb.go:450.14,452.3 1 0
github.com/palomachain/paloma/x/consensus/types/tx.pb.go:455.15,457.3 1 0
github.com/palomachain/paloma/x/consensus/types/tx.pb.go:459.11,461.3 1 0
github.com/palomachain/paloma/x/consensus/types/tx.pb.go:463.11,465.3 1 0
github.com/palomachain/paloma/x/consensus/types/tx.pb.go:467.11,469.3 1 0
github.com/palomachain/paloma/x/consensus/types/tx.pb.go:473.59,474.14 1 0
github.com/palomachain/paloma/x/consensus/types/tx.pb.go:477.2,479.10 3 0
github.com/palomachain/paloma/x/consensus/types/tx.pb.go:474.14,476.3 1 0
github.com/palomachain/paloma/x/consensus/types/tx.pb.go:482.30,484.2 1 0
github.com/palomachain/paloma/x/consensus/types/tx.pb.go:485.30,487.2 1 0
github.com/palomachain/paloma/x/consensus/types/tx.pb.go:488.65,491.16 3 0
github.com/palomachain/paloma/x/consensus/types/tx.pb.go:599.2,599.15 1 0
github.com/palomachain/paloma/x/consensus/types/tx.pb.go:602.2,602.12 1 0
github.com/palomachain/paloma/x/consensus/types/tx.pb.go:491.16,494.38 3 0
github.com/palomachain/paloma/x/consensus/types/tx.pb.go:508.3,510.20 3 0
github.com/palomachain/paloma/x/consensus/types/tx.pb.go:513.3,513.20 1 0
github.com/palomachain/paloma/x/consensus/types/tx.pb.go:516.3,516.19 1 0
github.com/palomachain/paloma/x/consensus/types/tx.pb.go:494.38,495.19 1 0
github.com/palomachain/paloma/x/consensus/types/tx.pb.go:498.4,498.18 1 0
github.com/palomachain/paloma/x/consensus/types/tx.pb.go:501.4,504.16 4 0
github.com/palomachain/paloma/x/consensus/types/tx.pb.go:495.19,497.5 1 0
github.com/palomachain/paloma/x/consensus/types/tx.pb.go:498.18,500.5 1 0
github.com/palomachain/paloma/x/consensus/types/tx.pb.go:504.16,505.10 1 0
github.com/palomachain/paloma/x/consensus/types/tx.pb.go:510.20,512.4 1 0
github.com/palomachain/paloma/x/consensus/types/tx.pb.go:513.20,515.4 1 0
github.com/palomachain/paloma/x/consensus/types/tx.pb.go:517.10,518.21 1 0
github.com/palomachain/paloma/x/consensus/types/tx.pb.go:521.4,522.39 2 0
github.com/palomachain/paloma/x/consensus/types/tx.pb.go:536.4,537.24 2 0
github.com/palomachain/paloma/x/consensus/types/tx.pb.go:540.4,541.21 2 0
github.com/palomachain/paloma/x/consensus/types/tx.pb.go:544.4,544.21 1 0
github.com/palomachain/paloma/x/consensus/types/tx.pb.go:547.4,548.21 2 0
github.com/palomachain/paloma/x/consensus/types/tx.pb.go:549.10,550.21 1 0
github.com/palomachain/paloma/x/consensus/types/tx.pb.go:553.4,554.39 2 0
github.com/palomachain/paloma/x/consensus/types/tx.pb.go:568.4,568.18 1 0
github.com/palomachain/paloma/x/consensus/types/tx.pb.go:571.4,572.21 2 0
github.com/palomachain/paloma/x/consensus/types/tx.pb.go:575.4,575.21 1 0
github.com/palomachain/paloma/x/consensus/types/tx.pb.go:578.4,579.101 2 0
github.com/palomachain/paloma/x/consensus/types/tx.pb.go:582.4,582.21 1 0
github.com/palomachain/paloma/x/consensus/types/tx.pb.go:583.11,586.18 3 0
github.com/palomachain/paloma/x/consensus/types/tx.pb.go:589.4,589.42 1 0
github.com/palomachain/paloma/x/consensus/types/tx.pb.go:592.4,592.28 1 0
github.com/palomachain/paloma/x/consensus/types/tx.pb.go:595.4,595.19 1 0
github.com/palomachain/paloma/x/consensus/types/tx.pb.go:518.21,520.5 1 0
github.com/palomachain/paloma/x/consensus/types/tx.pb.go:522.39,523.20 1 0
github.com/palomachain/paloma/x/consensus/types/tx.pb.go:526.5,526.19 1 0
github.com/palomachain/paloma/x/consensus/types/tx.pb.go:529.5,532.17 4 0
github.com/palomachain/paloma/x/consensus/types/tx.pb.go:523.20,525.6 1 0
github.com/palomachain/paloma/x/consensus/types/tx.pb.go:526.19,528.6 1 0
github.com/palomachain/paloma/x/consensus/types/tx.pb.go:532.17,533.11 1 0
github.com/palomachain/paloma/x/consensus/types/tx.pb.go:537.24,539.5 1 0
github.com/palomachain/paloma/x/consensus/types/tx.pb.go:541.21,543.5 1 0
github.com/palomachain/paloma/x/consensus/types/tx.pb.go:544.21,546.5 1 0
github.com/palomachain/paloma/x/consensus/types/tx.pb.go:550.21,552.5 1 0
github.com/palomachain/paloma/x/consensus/types/tx.pb.go:554.39,555.20 1 0
github.com/palomachain/paloma/x/consensus/types/tx.pb.go:558.5,558.19 1 0
github.com/palomachain/paloma/x/consensus/types/tx.pb.go:561.5,564.17 4 0
github.com/palomachain/paloma/x/consensus/types/tx.pb.go:555.20,557.6 1 0
github.com/palomachain/paloma/x/consensus/types/tx.pb.go:558.19,560.6 1 0
github.com/palomachain/paloma/x/consensus/types/tx.pb.go:564.17,565.11 1 0
github.com/palomachain/paloma/x/consensus/types/tx.pb.go:568.18,570.5 1 0
github.com/palomachain/paloma/x/consensus/types/tx.pb.go:572.21,574.5 1 0
github.com/palomachain/paloma/x/consensus/types/tx.pb.go:575.21,577.5 1 0
github.com/palomachain/paloma/x/consensus/types/tx.pb.go:579.101,581.5 1 0
github.com/palomachain/paloma/x/consensus/types/tx.pb.go:586.18,588.5 1 0
github.com/palomachain/paloma/x/consensus/types/tx.pb.go:589.42,591.5 1 0
github.com/palomachain/paloma/x/consensus/types/tx.pb.go:592.28,594.5 1 0
github.com/palomachain/paloma/x/consensus/types/tx.pb.go:599.15,601.3 1 0
github.com/palomachain/paloma/x/consensus/types/tx.pb.go:604.82,607.16 3 0
github.com/palomachain/paloma/x/consensus/types/tx.pb.go:768.2,768.15 1 0
github.com/palomachain/paloma/x/consensus/types/tx.pb.go:771.2,771.12 1 0
github.com/palomachain/paloma/x/consensus/types/tx.pb.go:607.16,610.38 3 0
github.com/palomachain/paloma/x/consensus/types/tx.pb.go:624.3,626.20 3 0
github.com/palomachain/paloma/x/consensus/types/tx.pb.go:629.3,629.20 1 0
github.com/palomachain/paloma/x/consensus/types/tx.pb.go:632.3,632.19 1 0
github.com/palomachain/paloma/x/consensus/types/tx.pb.go:610.38,611.19 1 0
github.com/palomachain/paloma/x/consensus/types/tx.pb.go:614.4,614.18 1 0
github.com/palomachain/paloma/x/consensus/types/tx.pb.go:617.4,620.16 4 0
github.com/palomachain/paloma/x/consensus/types/tx.pb.go:611.19,613.5 1 0
github.com/palomachain/paloma/x/consensus/types/tx.pb.go:614.18,616.5 1 0
github.com/palomachain/paloma/x/consensus/types/tx.pb.go:620.16,621.10 1 0
github.com/palomachain/paloma/x/consensus/types/tx.pb.go:626.20,628.4 1 0
github.com/palomachain/paloma/x/consensus/types/tx.pb.go:629.20,631.4 1 0
github.com/palomachain/paloma/x/consensus/types/tx.pb.go:633.10,634.21 1 0
github.com/palomachain/paloma/x/consensus/types/tx.pb.go:637.4,638.39 2 0
github.com/palomachain/paloma/x/consensus/types/tx.pb.go:652.10,653.21 1 0
github.com/palomachain/paloma/x/consensus/types/tx.pb.go:656.4,657.39 2 0
github.com/palomachain/paloma/x/consensus/types/tx.pb.go:671.4,672.24 2 0
github.com/palomachain/paloma/x/consensus/types/tx.pb.go:675.4,676.21 2 0
github.com/palomachain/paloma/x/consensus/types/tx.pb.go:679.4,679.21 1 0
github.com/palomachain/paloma/x/consensus/types/tx.pb.go:682.4,683.21 2 0
github.com/palomachain/paloma/x/consensus/types/tx.pb.go:684.10,685.21 1 0
github.com/palomachain/paloma/x/consensus/types/tx.pb.go:688.4,689.39 2 0
[...]
github.com/palomachain/paloma/x/consensus/keeper/concensus_keeper.go:179.11,185.5 1 1
github.com/palomachain/paloma/x/consensus/keeper/concensus_keeper.go:187.49,199.5 1 1
github.com/palomachain/paloma/x/consensus/keeper/concensus_keeper.go:213.36,215.2 1 0
github.com/palomachain/paloma/x/consensus/keeper/concensus_keeper.go:217.88,223.2 1 0
github.com/palomachain/paloma/x/consensus/keeper/concensus_queue.go:47.74,48.27 1 1
github.com/palomachain/paloma/x/consensus/keeper/concensus_queue.go:66.2,66.12 1 1
github.com/palomachain/paloma/x/consensus/keeper/concensus_queue.go:48.27,49.24 1 1
github.com/palomachain/paloma/x/consensus/keeper/concensus_queue.go:52.3,54.17 3 1
github.com/palomachain/paloma/x/consensus/keeper/concensus_queue.go:57.3,62.48 2 1
github.com/palomachain/paloma/x/consensus/keeper/concensus_queue.go:49.24,51.4 1 1
github.com/palomachain/paloma/x/consensus/keeper/concensus_queue.go:54.17,56.4 1 0
github.com/palomachain/paloma/x/consensus/keeper/concensus_queue.go:62.48,64.4 1 0
github.com/palomachain/paloma/x/consensus/keeper/concensus_queue.go:70.87,76.42 5 1
github.com/palomachain/paloma/x/consensus/keeper/concensus_queue.go:87.2,87.18 1 1
github.com/palomachain/paloma/x/consensus/keeper/concensus_queue.go:76.42,80.65 3 1
github.com/palomachain/paloma/x/consensus/keeper/concensus_queue.go:84.3,84.26 1 1
github.com/palomachain/paloma/x/consensus/keeper/concensus_queue.go:80.65,82.4 1 0
github.com/palomachain/paloma/x/consensus/keeper/concensus_queue.go:92.101,94.16 2 1
github.com/palomachain/paloma/x/consensus/keeper/concensus_queue.go:98.2,100.25 2 1
github.com/palomachain/paloma/x/consensus/keeper/concensus_queue.go:94.16,96.3 1 0
github.com/palomachain/paloma/x/consensus/keeper/concensus_queue.go:104.69,106.16 2 1
github.com/palomachain/paloma/x/consensus/keeper/concensus_queue.go:109.2,111.12 3 1
github.com/palomachain/paloma/x/consensus/keeper/concensus_queue.go:106.16,108.3 1 0
github.com/palomachain/paloma/x/consensus/keeper/concensus_queue.go:115.100,119.17 3 1
github.com/palomachain/paloma/x/consensus/keeper/concensus_queue.go:123.2,124.60 2 1
github.com/palomachain/paloma/x/consensus/keeper/concensus_queue.go:128.2,128.16 1 1
github.com/palomachain/paloma/x/consensus/keeper/concensus_queue.go:119.17,121.3 1 1
github.com/palomachain/paloma/x/consensus/keeper/concensus_queue.go:124.60,126.3 1 0
github.com/palomachain/paloma/x/consensus/keeper/concensus_queue.go:132.85,133.22 1 1
github.com/palomachain/paloma/x/consensus/keeper/concensus_queue.go:136.2,137.16 2 1
github.com/palomachain/paloma/x/consensus/keeper/concensus_queue.go:140.2,141.12 2 1
github.com/palomachain/paloma/x/consensus/keeper/concensus_queue.go:133.22,135.3 1 1
github.com/palomachain/paloma/x/consensus/keeper/concensus_queue.go:137.16,139.3 1 0
github.com/palomachain/paloma/x/consensus/keeper/concensus_queue.go:145.61,148.2 2 1
github.com/palomachain/paloma/x/consensus/keeper/concensus_queue.go:151.50,152.27 1 1
github.com/palomachain/paloma/x/consensus/keeper/concensus_queue.go:155.2,155.80 1 1
github.com/palomachain/paloma/x/consensus/keeper/concensus_queue.go:152.27,153.40 1 0
github.com/palomachain/paloma/x/consensus/keeper/grpc_query_params.go:12.110,13.16 1 1
github.com/palomachain/paloma/x/consensus/keeper/grpc_query_params.go:16.2,18.66 2 1
github.com/palomachain/paloma/x/consensus/keeper/grpc_query_params.go:13.16,15.3 1 0
github.com/palomachain/paloma/x/consensus/keeper/attest.go:15.72,18.30 2 1
github.com/palomachain/paloma/x/consensus/keeper/attest.go:22.1,23.44 1 1
github.com/palomachain/paloma/x/consensus/keeper/attest.go:71.2,71.16 1 1
github.com/palomachain/paloma/x/consensus/keeper/attest.go:74.2,74.12 1 1
github.com/palomachain/paloma/x/consensus/keeper/attest.go:18.30,20.3 1 0
github.com/palomachain/paloma/x/consensus/keeper/attest.go:23.44,25.17 2 1
github.com/palomachain/paloma/x/consensus/keeper/attest.go:30.3,30.28 1 1
github.com/palomachain/paloma/x/consensus/keeper/attest.go:25.17,27.12 2 0
github.com/palomachain/paloma/x/consensus/keeper/attest.go:30.28,32.18 2 1
github.com/palomachain/paloma/x/consensus/keeper/attest.go:37.4,38.11 2 1
github.com/palomachain/paloma/x/consensus/keeper/attest.go:42.4,43.41 2 1
github.com/palomachain/paloma/x/consensus/keeper/attest.go:50.4,51.18 2 1
github.com/palomachain/paloma/x/consensus/keeper/attest.go:57.4,60.18 3 1
github.com/palomachain/paloma/x/consensus/keeper/attest.go:64.4,65.18 2 1
github.com/palomachain/paloma/x/consensus/keeper/attest.go:32.18,34.22 2 0
github.com/palomachain/paloma/x/consensus/keeper/attest.go:38.11,39.22 1 0
github.com/palomachain/paloma/x/consensus/keeper/attest.go:43.41,48.5 1 1
github.com/palomachain/paloma/x/consensus/keeper/attest.go:51.18,53.22 2 0
github.com/palomachain/paloma/x/consensus/keeper/attest.go:60.18,62.22 2 0
github.com/palomachain/paloma/x/consensus/keeper/attest.go:65.18,67.22 2 0
github.com/palomachain/paloma/x/consensus/keeper/attest.go:71.16,73.3 1 0
github.com/palomachain/paloma/x/consensus/keeper/attest.go:77.34,81.2 1 1
github.com/palomachain/paloma/x/consensus/keeper/attest.go:88.63,91.2 2 1
github.com/palomachain/paloma/x/consensus/keeper/attest.go:93.154,94.46 1 1
github.com/palomachain/paloma/x/consensus/keeper/attest.go:98.2,98.12 1 1
github.com/palomachain/paloma/x/consensus/keeper/attest.go:94.46,96.3 1 1
github.com/palomachain/paloma/x/valset/keeper/grpc_query_validator_info.go:13.135,14.16 1 0
github.com/palomachain/paloma/x/valset/keeper/grpc_query_validator_info.go:18.2,21.16 3 0
github.com/palomachain/paloma/x/valset/keeper/grpc_query_validator_info.go:25.2,26.16 2 0
github.com/palomachain/paloma/x/valset/keeper/grpc_query_validator_info.go:30.2,32.8 1 0
github.com/palomachain/paloma/x/valset/keeper/grpc_query_validator_info.go:14.16,16.3 1 0
github.com/palomachain/paloma/x/valset/keeper/grpc_query_validator_info.go:21.16,23.3 1 0
github.com/palomachain/paloma/x/valset/keeper/grpc_query_validator_info.go:26.16,28.3 1 0
github.com/palomachain/paloma/x/valset/keeper/msg_server.go:13.54,15.2 1 0
github.com/palomachain/paloma/x/valset/keeper/msg_server_add_external_chain_info_for_validator.go:10.184,14.16 3 0
github.com/palomachain/paloma/x/valset/keeper/msg_server_add_external_chain_info_for_validator.go:18.2,18.66 1 0
github.com/palomachain/paloma/x/valset/keeper/msg_server_add_external_chain_info_for_validator.go:14.16,16.3 1 0
github.com/palomachain/paloma/x/valset/keeper/msg_server_register_conductor.go:10.139,13.45 2 0
github.com/palomachain/paloma/x/valset/keeper/msg_server_register_conductor.go:17.2,17.51 1 0
github.com/palomachain/paloma/x/valset/keeper/msg_server_register_conductor.go:13.45,15.3 1 0
github.com/palomachain/paloma/x/valset/keeper/params.go:9.57,11.2 1 1
github.com/palomachain/paloma/x/valset/keeper/params.go:14.65,16.2 1 1
github.com/palomachain/paloma/x/valset/keeper/grpc_query_params.go:12.110,13.16 1 1
github.com/palomachain/paloma/x/valset/keeper/grpc_query_params.go:16.2,18.66 2 1
github.com/palomachain/paloma/x/valset/keeper/grpc_query_params.go:13.16,15.3 1 0
github.com/palomachain/paloma/x/valset/keeper/keeper.go:41.11,43.23 1 1
github.com/palomachain/paloma/x/valset/keeper/keeper.go:47.2,54.96 2 1
github.com/palomachain/paloma/x/valset/keeper/keeper.go:58.2,58.10 1 1
github.com/palomachain/paloma/x/valset/keeper/keeper.go:43.23,45.3 1 1
github.com/palomachain/paloma/x/valset/keeper/keeper.go:54.96,56.3 1 1
github.com/palomachain/paloma/x/valset/keeper/keeper.go:62.52,64.2 1 0
github.com/palomachain/paloma/x/valset/keeper/keeper.go:67.51,67.52 0 0
github.com/palomachain/paloma/x/valset/keeper/keeper.go:70.45,70.46 0 0
github.com/palomachain/paloma/x/valset/keeper/keeper.go:74.109,82.16 3 1
github.com/palomachain/paloma/x/valset/keeper/keeper.go:88.2,88.46 1 1
github.com/palomachain/paloma/x/valset/keeper/keeper.go:95.2,95.46 1 1
github.com/palomachain/paloma/x/valset/keeper/keeper.go:104.2,106.16 2 1
github.com/palomachain/paloma/x/valset/keeper/keeper.go:110.2,110.12 1 1
github.com/palomachain/paloma/x/valset/keeper/keeper.go:82.16,84.3 1 1
github.com/palomachain/paloma/x/valset/keeper/keeper.go:88.46,89.66 1 1
github.com/palomachain/paloma/x/valset/keeper/keeper.go:89.66,90.110 1 1
github.com/palomachain/paloma/x/valset/keeper/keeper.go:90.110,92.5 1 1
github.com/palomachain/paloma/x/valset/keeper/keeper.go:95.46,102.3 2 1
github.com/palomachain/paloma/x/valset/keeper/keeper.go:106.16,108.3 1 0
github.com/palomachain/paloma/x/valset/keeper/keeper.go:114.59,114.60 0 0
github.com/palomachain/paloma/x/valset/keeper/keeper.go:117.82,120.16 2 1
github.com/palomachain/paloma/x/valset/keeper/keeper.go:124.2,125.17 2 1
github.com/palomachain/paloma/x/valset/keeper/keeper.go:130.2,132.55 2 1
github.com/palomachain/paloma/x/valset/keeper/keeper.go:136.2,139.24 2 1
github.com/palomachain/paloma/x/valset/keeper/keeper.go:143.2,153.52 3 1
github.com/palomachain/paloma/x/valset/keeper/keeper.go:120.16,122.3 1 0
github.com/palomachain/paloma/x/valset/keeper/keeper.go:125.17,127.3 1 1
github.com/palomachain/paloma/x/valset/keeper/keeper.go:132.55,134.3 1 1
github.com/palomachain/paloma/x/valset/keeper/keeper.go:139.24,141.3 1 1
github.com/palomachain/paloma/x/valset/keeper/keeper.go:158.61,160.2 1 1
github.com/palomachain/paloma/x/valset/keeper/keeper.go:163.55,169.16 3 1
github.com/palomachain/paloma/x/valset/keeper/keeper.go:173.2,179.33 2 1
github.com/palomachain/paloma/x/valset/keeper/keeper.go:187.2,187.46 1 1
github.com/palomachain/paloma/x/valset/keeper/keeper.go:169.16,171.3 1 0
github.com/palomachain/paloma/x/valset/keeper/keeper.go:179.33,185.3 2 1
github.com/palomachain/paloma/x/valset/keeper/keeper.go:190.87,193.2 2 1
github.com/palomachain/paloma/x/valset/keeper/keeper.go:196.78,199.2 2 1
github.com/palomachain/paloma/x/valset/keeper/keeper.go:201.97,203.2 1 1
github.com/palomachain/paloma/x/valset/keeper/keeper.go:206.86,208.16 2 0
github.com/palomachain/paloma/x/valset/keeper/keeper.go:212.2,212.43 1 0
github.com/palomachain/paloma/x/valset/keeper/keeper.go:208.16,210.3 1 0
github.com/palomachain/paloma/x/valset/keeper/keeper.go:215.61,217.2 1 1
github.com/palomachain/paloma/x/valset/keeper/keeper.go:219.60,221.2 1 1
github.com/palomachain/paloma/x/scheduler/genesis.go:11.81,14.2 1 1
github.com/palomachain/paloma/x/scheduler/genesis.go:17.74,24.2 3 1
github.com/palomachain/paloma/x/scheduler/handler.go:13.46,17.65 3 0
github.com/palomachain/paloma/x/scheduler/handler.go:17.65,20.28 2 0
github.com/palomachain/paloma/x/scheduler/handler.go:22.11,24.67 2 0
github.com/palomachain/paloma/x/scheduler/module.go:39.62,41.2 1 0
github.com/palomachain/paloma/x/scheduler/module.go:44.37,46.2 1 0
github.com/palomachain/paloma/x/scheduler/module.go:48.61,50.2 1 0
github.com/palomachain/paloma/x/scheduler/module.go:52.72,54.2 1 0
github.com/palomachain/paloma/x/scheduler/module.go:57.76,59.2 1 0
github.com/palomachain/paloma/x/scheduler/module.go:62.75,64.2 1 0
github.com/palomachain/paloma/x/scheduler/module.go:67.118,69.57 2 0
github.com/palomachain/paloma/x/scheduler/module.go:72.2,72.28 1 0
github.com/palomachain/paloma/x/scheduler/module.go:69.57,71.3 1 0
github.com/palomachain/paloma/x/scheduler/module.go:76.86,77.2 0 0
github.com/palomachain/paloma/x/scheduler/module.go:80.99,82.2 0 0
github.com/palomachain/paloma/x/scheduler/module.go:85.51,87.2 1 0
github.com/palomachain/paloma/x/scheduler/module.go:90.52,92.2 1 0
github.com/palomachain/paloma/x/scheduler/module.go:112.13,119.2 1 0
github.com/palomachain/paloma/x/scheduler/module.go:122.35,124.2 1 0
github.com/palomachain/paloma/x/scheduler/module.go:127.39,129.2 1 0
github.com/palomachain/paloma/x/scheduler/module.go:132.40,132.69 1 0
github.com/palomachain/paloma/x/scheduler/module.go:135.91,137.2 1 0
github.com/palomachain/paloma/x/scheduler/module.go:141.63,144.2 2 0
github.com/palomachain/paloma/x/scheduler/module.go:147.66,147.67 0 0
github.com/palomachain/paloma/x/scheduler/module.go:151.114,159.2 4 0
github.com/palomachain/paloma/x/scheduler/module.go:162.89,165.2 2 0
github.com/palomachain/paloma/x/scheduler/module.go:168.44,168.56 1 0
github.com/palomachain/paloma/x/scheduler/module.go:171.76,173.2 0 0
github.com/palomachain/paloma/x/scheduler/module.go:177.94,179.2 1 0
github.com/palomachain/paloma/x/scheduler/module_simulation.go:51.73,53.40 2 0
github.com/palomachain/paloma/x/scheduler/module_simulation.go:56.2,59.87 2 0
github.com/palomachain/paloma/x/scheduler/module_simulation.go:53.40,55.3 1 0
github.com/palomachain/paloma/x/scheduler/module_simulation.go:63.96,65.2 1 0
github.com/palomachain/paloma/x/scheduler/module_simulation.go:68.75,71.2 1 0
github.com/palomachain/paloma/x/scheduler/module_simulation.go:74.71,74.72 0 0
github.com/palomachain/paloma/x/scheduler/module_simulation.go:77.102,82.22 3 0
github.com/palomachain/paloma/x/scheduler/module_simulation.go:87.2,89.22 2 0
github.com/palomachain/paloma/x/scheduler/module_simulation.go:94.2,96.22 2 0
github.com/palomachain/paloma/x/scheduler/module_simulation.go:101.2,103.22 2 0
github.com/palomachain/paloma/x/scheduler/module_simulation.go:108.2,110.22 2 0
github.com/palomachain/paloma/x/scheduler/module_simulation.go:117.2,117.19 1 0
github.com/palomachain/paloma/x/scheduler/module_simulation.go:82.22,84.4 1 0
github.com/palomachain/paloma/x/scheduler/module_simulation.go:89.22,91.4 1 0
github.com/palomachain/paloma/x/scheduler/module_simulation.go:96.22,98.4 1 0
github.com/palomachain/paloma/x/scheduler/module_simulation.go:103.22,105.4 1 0
github.com/palomachain/paloma/x/scheduler/module_simulation.go:110.22,112.4 1 0
github.com/palomachain/paloma/x/scheduler/abci.go:8.35,9.2 0 0
github.com/palomachain/paloma/x/scheduler/abci.go:11.52,12.2 0 0
github.com/palomachain/paloma/x/scheduler/keeper/grpc_query_params.go:12.110,13.16 1 1
github.com/palomachain/paloma/x/scheduler/keeper/grpc_query_params.go:16.2,18.66 2 1
github.com/palomachain/paloma/x/scheduler/keeper/grpc_query_params.go:13.16,15.3 1 0
github.com/palomachain/paloma/x/scheduler/keeper/keeper.go:38.11,40.23 1 1
github.com/palomachain/paloma/x/scheduler/keeper/keeper.go:44.2,54.10 3 1
github.com/palomachain/paloma/x/scheduler/keeper/keeper.go:40.23,42.3 1 1
github.com/palomachain/paloma/x/scheduler/keeper/keeper.go:57.52,59.2 1 0
github.com/palomachain/paloma/x/scheduler/keeper/keeper.go:62.52,64.2 1 0
github.com/palomachain/paloma/x/scheduler/keeper/keeper.go:66.62,68.2 1 0
github.com/palomachain/paloma/x/scheduler/keeper/msg_server.go:13.54,15.2 1 0
github.com/palomachain/paloma/x/scheduler/keeper/params.go:9.57,11.2 1 1
github.com/palomachain/paloma/x/scheduler/keeper/params.go:14.65,16.2 1 1
github.com/palomachain/paloma/app/genesis.go:19.63,21.2 1 0
github.com/palomachain/paloma/app/runners.go:19.63,26.33 4 0
github.com/palomachain/paloma/app/runners.go:31.2,36.29 3 0
github.com/palomachain/paloma/app/runners.go:26.33,28.3 1 0
github.com/palomachain/paloma/app/app.go:117.59,132.2 3 1
github.com/palomachain/paloma/app/app.go:187.13,189.16 2 1
github.com/palomachain/paloma/app/app.go:193.2,193.56 1 1
github.com/palomachain/paloma/app/app.go:189.16,190.13 1 0
github.com/palomachain/paloma/app/app.go:265.17,381.16 37 0
github.com/palomachain/paloma/app/app.go:385.2,608.16 33 0
github.com/palomachain/paloma/app/app.go:612.2,615.16 3 0
github.com/palomachain/paloma/app/app.go:621.2,626.12 4 0
github.com/palomachain/paloma/app/app.go:381.16,382.59 1 0
github.com/palomachain/paloma/app/app.go:608.16,609.13 1 0
github.com/palomachain/paloma/app/app.go:615.16,616.49 1 0
github.com/palomachain/paloma/app/app.go:616.49,618.4 1 0
github.com/palomachain/paloma/app/app.go:630.31,630.60 1 0
github.com/palomachain/paloma/app/app.go:633.46,633.68 1 0
github.com/palomachain/paloma/app/app.go:636.99,638.2 1 0
github.com/palomachain/paloma/app/app.go:641.93,643.2 1 0
github.com/palomachain/paloma/app/app.go:646.96,648.75 2 0
github.com/palomachain/paloma/app/app.go:651.2,652.60 2 0
github.com/palomachain/paloma/app/app.go:648.75,649.13 1 0
github.com/palomachain/paloma/app/app.go:656.48,658.2 1 0
github.com/palomachain/paloma/app/app.go:661.54,663.29 2 0
github.com/palomachain/paloma/app/app.go:667.2,667.20 1 0
github.com/palomachain/paloma/app/app.go:663.29,665.3 1 0
github.com/palomachain/paloma/app/app.go:674.50,676.2 1 0
github.com/palomachain/paloma/app/app.go:682.40,684.2 1 0
github.com/palomachain/paloma/app/app.go:687.61,689.2 1 0
github.com/palomachain/paloma/app/app.go:694.57,696.2 1 0
github.com/palomachain/paloma/app/app.go:701.65,703.2 1 0
github.com/palomachain/paloma/app/app.go:708.64,710.2 1 0
github.com/palomachain/paloma/app/app.go:715.69,718.2 2 0
github.com/palomachain/paloma/app/app.go:722.83,739.2 9 0
github.com/palomachain/paloma/app/app.go:742.61,744.2 1 0
github.com/palomachain/paloma/app/app.go:747.69,749.2 1 0
github.com/palomachain/paloma/app/app.go:752.41,754.30 2 0
github.com/palomachain/paloma/app/app.go:757.2,757.21 1 0
github.com/palomachain/paloma/app/app.go:754.30,756.3 1 0
github.com/palomachain/paloma/app/app.go:761.127,781.2 16 0
github.com/palomachain/paloma/app/app.go:784.63,786.2 1 0
github.com/palomachain/paloma/app/app_setup.go:17.41,33.16 4 0
github.com/palomachain/paloma/app/app_setup.go:50.2,50.29 1 0
github.com/palomachain/paloma/app/app_setup.go:33.16,37.17 3 0
github.com/palomachain/paloma/app/app_setup.go:41.3,47.4 1 0
github.com/palomachain/paloma/app/app_setup.go:37.17,38.14 1 0
github.com/palomachain/paloma/app/export.go:20.36,28.19 3 0
github.com/palomachain/paloma/app/export.go:33.2,35.16 3 0
github.com/palomachain/paloma/app/export.go:39.2,40.16 2 0
github.com/palomachain/paloma/app/export.go:43.2,48.8 1 0
github.com/palomachain/paloma/app/export.go:28.19,31.3 2 0
github.com/palomachain/paloma/app/export.go:35.16,37.3 1 0
github.com/palomachain/paloma/app/export.go:40.16,42.3 1 0
github.com/palomachain/paloma/app/export.go:54.86,58.31 2 0
github.com/palomachain/paloma/app/export.go:62.2,64.40 2 0
github.com/palomachain/paloma/app/export.go:73.2,78.98 2 0
github.com/palomachain/paloma/app/export.go:87.2,88.34 2 0
github.com/palomachain/paloma/app/export.go:96.2,106.98 5 0
github.com/palomachain/paloma/app/export.go:118.2,118.27 1 0
github.com/palomachain/paloma/app/export.go:124.2,129.103 2 0
github.com/palomachain/paloma/app/export.go:138.2,138.117 1 0
github.com/palomachain/paloma/app/export.go:148.2,152.34 4 0
github.com/palomachain/paloma/app/export.go:168.2,170.84 2 0
github.com/palomachain/paloma/app/export.go:177.2,179.83 1 0
github.com/palomachain/paloma/app/export.go:58.31,60.3 1 0
github.com/palomachain/paloma/app/export.go:64.40,66.17 2 0
github.com/palomachain/paloma/app/export.go:69.3,69.31 1 0
github.com/palomachain/paloma/app/export.go:66.17,68.4 1 0
github.com/palomachain/paloma/app/export.go:78.98,80.17 2 0
github.com/palomachain/paloma/app/export.go:83.3,83.15 1 0
github.com/palomachain/paloma/app/export.go:80.17,81.14 1 0
github.com/palomachain/paloma/app/export.go:88.34,90.17 2 0
github.com/palomachain/paloma/app/export.go:90.17,91.14 1 0
github.com/palomachain/paloma/app/export.go:106.98,115.3 6 0
github.com/palomachain/paloma/app/export.go:118.27,121.3 2 0
github.com/palomachain/paloma/app/export.go:129.103,130.30 1 0
github.com/palomachain/paloma/app/export.go:133.3,134.15 2 0
github.com/palomachain/paloma/app/export.go:130.30,132.4 1 0
github.com/palomachain/paloma/app/export.go:138.117,139.30 1 0
github.com/palomachain/paloma/app/export.go:142.3,143.15 2 0
github.com/palomachain/paloma/app/export.go:139.30,141.4 1 0
github.com/palomachain/paloma/app/export.go:152.34,155.13 3 0
github.com/palomachain/paloma/app/export.go:159.3,160.59 2 0
github.com/palomachain/paloma/app/export.go:164.3,165.12 2 0
github.com/palomachain/paloma/app/export.go:155.13,156.42 1 0
github.com/palomachain/paloma/app/export.go:160.59,162.4 1 0
github.com/palomachain/paloma/app/export.go:170.84,171.13 1 0
github.com/palomachain/paloma/app/export.go:179.83,183.4 3 0
